Loading required package: limma

Attaching package: ‘dplyr’

The following objects are masked from ‘package:stats’:

    filter, lag

The following objects are masked from ‘package:base’:

    intersect, setdiff, setequal, union

corrplot 0.92 loaded
here() starts at /n/projects/ejr/aai/repos/SnailEyeRegeneration
null device 
          1 
Using classic mode.
null device 
          1 
Rows: 23864 Columns: 2
── Column specification ────────────────────────────────────────────────────────
Delimiter: "\t"
chr (2): gene_id, description

ℹ Use `spec()` to retrieve the full column specification for this data.
ℹ Specify the column types or set `show_col_types = FALSE` to quiet this message.
Selecting by Mean
pdf 
  2 
Warning message:
Removed 27 rows containing missing values (`geom_text_repel()`). 
Rows: 2178 Columns: 5
── Column specification ────────────────────────────────────────────────────────
Delimiter: ","
chr (1): gene_id
dbl (4): logFC, logCPM, PValue, FDR

ℹ Use `spec()` to retrieve the full column specification for this data.
ℹ Specify the column types or set `show_col_types = FALSE` to quiet this message.
Rows: 3461 Columns: 5
── Column specification ────────────────────────────────────────────────────────
Delimiter: ","
chr (1): gene_id
dbl (4): logFC, logCPM, PValue, FDR

ℹ Use `spec()` to retrieve the full column specification for this data.
ℹ Specify the column types or set `show_col_types = FALSE` to quiet this message.
Rows: 3816 Columns: 5
── Column specification ────────────────────────────────────────────────────────
Delimiter: ","
chr (1): gene_id
dbl (4): logFC, logCPM, PValue, FDR

ℹ Use `spec()` to retrieve the full column specification for this data.
ℹ Specify the column types or set `show_col_types = FALSE` to quiet this message.
Rows: 3472 Columns: 5
── Column specification ────────────────────────────────────────────────────────
Delimiter: ","
chr (1): gene_id
dbl (4): logFC, logCPM, PValue, FDR

ℹ Use `spec()` to retrieve the full column specification for this data.
ℹ Specify the column types or set `show_col_types = FALSE` to quiet this message.
Rows: 4102 Columns: 5
── Column specification ────────────────────────────────────────────────────────
Delimiter: ","
chr (1): gene_id
dbl (4): logFC, logCPM, PValue, FDR

ℹ Use `spec()` to retrieve the full column specification for this data.
ℹ Specify the column types or set `show_col_types = FALSE` to quiet this message.
Rows: 4327 Columns: 5
── Column specification ────────────────────────────────────────────────────────
Delimiter: ","
chr (1): gene_id
dbl (4): logFC, logCPM, PValue, FDR

ℹ Use `spec()` to retrieve the full column specification for this data.
ℹ Specify the column types or set `show_col_types = FALSE` to quiet this message.
Rows: 4328 Columns: 5
── Column specification ────────────────────────────────────────────────────────
Delimiter: ","
chr (1): gene_id
dbl (4): logFC, logCPM, PValue, FDR

ℹ Use `spec()` to retrieve the full column specification for this data.
ℹ Specify the column types or set `show_col_types = FALSE` to quiet this message.
Rows: 4551 Columns: 5
── Column specification ────────────────────────────────────────────────────────
Delimiter: ","
chr (1): gene_id
dbl (4): logFC, logCPM, PValue, FDR

ℹ Use `spec()` to retrieve the full column specification for this data.
ℹ Specify the column types or set `show_col_types = FALSE` to quiet this message.
Rows: 1327 Columns: 5
── Column specification ────────────────────────────────────────────────────────
Delimiter: ","
chr (1): gene_id
dbl (4): logFC, logCPM, PValue, FDR

ℹ Use `spec()` to retrieve the full column specification for this data.
ℹ Specify the column types or set `show_col_types = FALSE` to quiet this message.
Rows: 2587 Columns: 5
── Column specification ────────────────────────────────────────────────────────
Delimiter: ","
chr (1): gene_id
dbl (4): logFC, logCPM, PValue, FDR

ℹ Use `spec()` to retrieve the full column specification for this data.
ℹ Specify the column types or set `show_col_types = FALSE` to quiet this message.
Rows: 3080 Columns: 5
── Column specification ────────────────────────────────────────────────────────
Delimiter: ","
chr (1): gene_id
dbl (4): logFC, logCPM, PValue, FDR

ℹ Use `spec()` to retrieve the full column specification for this data.
ℹ Specify the column types or set `show_col_types = FALSE` to quiet this message.
Rows: 2768 Columns: 5
── Column specification ────────────────────────────────────────────────────────
Delimiter: ","
chr (1): gene_id
dbl (4): logFC, logCPM, PValue, FDR

ℹ Use `spec()` to retrieve the full column specification for this data.
ℹ Specify the column types or set `show_col_types = FALSE` to quiet this message.
Rows: 3391 Columns: 5
── Column specification ────────────────────────────────────────────────────────
Delimiter: ","
chr (1): gene_id
dbl (4): logFC, logCPM, PValue, FDR

ℹ Use `spec()` to retrieve the full column specification for this data.
ℹ Specify the column types or set `show_col_types = FALSE` to quiet this message.
Rows: 3661 Columns: 5
── Column specification ────────────────────────────────────────────────────────
Delimiter: ","
chr (1): gene_id
dbl (4): logFC, logCPM, PValue, FDR

ℹ Use `spec()` to retrieve the full column specification for this data.
ℹ Specify the column types or set `show_col_types = FALSE` to quiet this message.
Rows: 3673 Columns: 5
── Column specification ────────────────────────────────────────────────────────
Delimiter: ","
chr (1): gene_id
dbl (4): logFC, logCPM, PValue, FDR

ℹ Use `spec()` to retrieve the full column specification for this data.
ℹ Specify the column types or set `show_col_types = FALSE` to quiet this message.
Rows: 3702 Columns: 5
── Column specification ────────────────────────────────────────────────────────
Delimiter: ","
chr (1): gene_id
dbl (4): logFC, logCPM, PValue, FDR

ℹ Use `spec()` to retrieve the full column specification for this data.
ℹ Specify the column types or set `show_col_types = FALSE` to quiet this message.
Rows: 303 Columns: 5
── Column specification ────────────────────────────────────────────────────────
Delimiter: ","
chr (1): gene_id
dbl (4): logFC, logCPM, PValue, FDR

ℹ Use `spec()` to retrieve the full column specification for this data.
ℹ Specify the column types or set `show_col_types = FALSE` to quiet this message.
Rows: 1075 Columns: 5
── Column specification ────────────────────────────────────────────────────────
Delimiter: ","
chr (1): gene_id
dbl (4): logFC, logCPM, PValue, FDR

ℹ Use `spec()` to retrieve the full column specification for this data.
ℹ Specify the column types or set `show_col_types = FALSE` to quiet this message.
Rows: 1543 Columns: 5
── Column specification ────────────────────────────────────────────────────────
Delimiter: ","
chr (1): gene_id
dbl (4): logFC, logCPM, PValue, FDR

ℹ Use `spec()` to retrieve the full column specification for this data.
ℹ Specify the column types or set `show_col_types = FALSE` to quiet this message.
Rows: 1382 Columns: 5
── Column specification ────────────────────────────────────────────────────────
Delimiter: ","
chr (1): gene_id
dbl (4): logFC, logCPM, PValue, FDR

ℹ Use `spec()` to retrieve the full column specification for this data.
ℹ Specify the column types or set `show_col_types = FALSE` to quiet this message.
Rows: 1893 Columns: 5
── Column specification ────────────────────────────────────────────────────────
Delimiter: ","
chr (1): gene_id
dbl (4): logFC, logCPM, PValue, FDR

ℹ Use `spec()` to retrieve the full column specification for this data.
ℹ Specify the column types or set `show_col_types = FALSE` to quiet this message.
Rows: 2170 Columns: 5
── Column specification ────────────────────────────────────────────────────────
Delimiter: ","
chr (1): gene_id
dbl (4): logFC, logCPM, PValue, FDR

ℹ Use `spec()` to retrieve the full column specification for this data.
ℹ Specify the column types or set `show_col_types = FALSE` to quiet this message.
Rows: 2224 Columns: 5
── Column specification ────────────────────────────────────────────────────────
Delimiter: ","
chr (1): gene_id
dbl (4): logFC, logCPM, PValue, FDR

ℹ Use `spec()` to retrieve the full column specification for this data.
ℹ Specify the column types or set `show_col_types = FALSE` to quiet this message.
Rows: 2326 Columns: 5
── Column specification ────────────────────────────────────────────────────────
Delimiter: ","
chr (1): gene_id
dbl (4): logFC, logCPM, PValue, FDR

ℹ Use `spec()` to retrieve the full column specification for this data.
ℹ Specify the column types or set `show_col_types = FALSE` to quiet this message.

Attaching package: ‘dplyr’

The following objects are masked from ‘package:stats’:

    filter, lag

The following objects are masked from ‘package:base’:

    intersect, setdiff, setequal, union

here() starts at /n/projects/ejr/aai/repos/SnailEyeRegeneration
Rows: 17431 Columns: 5
── Column specification ────────────────────────────────────────────────────────
Delimiter: ","
chr (1): gene_id
dbl (4): logFC, logCPM, PValue, FDR

ℹ Use `spec()` to retrieve the full column specification for this data.
ℹ Specify the column types or set `show_col_types = FALSE` to quiet this message.
Rows: 17431 Columns: 5
── Column specification ────────────────────────────────────────────────────────
Delimiter: ","
chr (1): gene_id
dbl (4): logFC, logCPM, PValue, FDR

ℹ Use `spec()` to retrieve the full column specification for this data.
ℹ Specify the column types or set `show_col_types = FALSE` to quiet this message.
Rows: 17431 Columns: 5
── Column specification ────────────────────────────────────────────────────────
Delimiter: ","
chr (1): gene_id
dbl (4): logFC, logCPM, PValue, FDR

ℹ Use `spec()` to retrieve the full column specification for this data.
ℹ Specify the column types or set `show_col_types = FALSE` to quiet this message.
Rows: 17431 Columns: 5
── Column specification ────────────────────────────────────────────────────────
Delimiter: ","
chr (1): gene_id
dbl (4): logFC, logCPM, PValue, FDR

ℹ Use `spec()` to retrieve the full column specification for this data.
ℹ Specify the column types or set `show_col_types = FALSE` to quiet this message.
Rows: 17431 Columns: 5
── Column specification ────────────────────────────────────────────────────────
Delimiter: ","
chr (1): gene_id
dbl (4): logFC, logCPM, PValue, FDR

ℹ Use `spec()` to retrieve the full column specification for this data.
ℹ Specify the column types or set `show_col_types = FALSE` to quiet this message.
Rows: 17431 Columns: 5
── Column specification ────────────────────────────────────────────────────────
Delimiter: ","
chr (1): gene_id
dbl (4): logFC, logCPM, PValue, FDR

ℹ Use `spec()` to retrieve the full column specification for this data.
ℹ Specify the column types or set `show_col_types = FALSE` to quiet this message.
Rows: 17431 Columns: 5
── Column specification ────────────────────────────────────────────────────────
Delimiter: ","
chr (1): gene_id
dbl (4): logFC, logCPM, PValue, FDR

ℹ Use `spec()` to retrieve the full column specification for this data.
ℹ Specify the column types or set `show_col_types = FALSE` to quiet this message.
Rows: 17431 Columns: 5
── Column specification ────────────────────────────────────────────────────────
Delimiter: ","
chr (1): gene_id
dbl (4): logFC, logCPM, PValue, FDR

ℹ Use `spec()` to retrieve the full column specification for this data.
ℹ Specify the column types or set `show_col_types = FALSE` to quiet this message.

Attaching package: ‘dplyr’

The following objects are masked from ‘package:stats’:

    filter, lag

The following objects are masked from ‘package:base’:

    intersect, setdiff, setequal, union

here() starts at /n/projects/ejr/aai/repos/SnailEyeRegeneration
Rows: 17431 Columns: 5
── Column specification ────────────────────────────────────────────────────────
Delimiter: ","
chr (1): gene_id
dbl (4): logFC, logCPM, PValue, FDR

ℹ Use `spec()` to retrieve the full column specification for this data.
ℹ Specify the column types or set `show_col_types = FALSE` to quiet this message.
Rows: 17431 Columns: 5
── Column specification ────────────────────────────────────────────────────────
Delimiter: ","
chr (1): gene_id
dbl (4): logFC, logCPM, PValue, FDR

ℹ Use `spec()` to retrieve the full column specification for this data.
ℹ Specify the column types or set `show_col_types = FALSE` to quiet this message.
Rows: 17431 Columns: 5
── Column specification ────────────────────────────────────────────────────────
Delimiter: ","
chr (1): gene_id
dbl (4): logFC, logCPM, PValue, FDR

ℹ Use `spec()` to retrieve the full column specification for this data.
ℹ Specify the column types or set `show_col_types = FALSE` to quiet this message.
Rows: 17431 Columns: 5
── Column specification ────────────────────────────────────────────────────────
Delimiter: ","
chr (1): gene_id
dbl (4): logFC, logCPM, PValue, FDR

ℹ Use `spec()` to retrieve the full column specification for this data.
ℹ Specify the column types or set `show_col_types = FALSE` to quiet this message.
Rows: 17431 Columns: 5
── Column specification ────────────────────────────────────────────────────────
Delimiter: ","
chr (1): gene_id
dbl (4): logFC, logCPM, PValue, FDR

ℹ Use `spec()` to retrieve the full column specification for this data.
ℹ Specify the column types or set `show_col_types = FALSE` to quiet this message.
Rows: 17431 Columns: 5
── Column specification ────────────────────────────────────────────────────────
Delimiter: ","
chr (1): gene_id
dbl (4): logFC, logCPM, PValue, FDR

ℹ Use `spec()` to retrieve the full column specification for this data.
ℹ Specify the column types or set `show_col_types = FALSE` to quiet this message.
Rows: 17431 Columns: 5
── Column specification ────────────────────────────────────────────────────────
Delimiter: ","
chr (1): gene_id
dbl (4): logFC, logCPM, PValue, FDR

ℹ Use `spec()` to retrieve the full column specification for this data.
ℹ Specify the column types or set `show_col_types = FALSE` to quiet this message.
Rows: 17431 Columns: 5
── Column specification ────────────────────────────────────────────────────────
Delimiter: ","
chr (1): gene_id
dbl (4): logFC, logCPM, PValue, FDR

ℹ Use `spec()` to retrieve the full column specification for this data.
ℹ Specify the column types or set `show_col_types = FALSE` to quiet this message.

Attaching package: ‘dplyr’

The following objects are masked from ‘package:stats’:

    filter, lag

The following objects are masked from ‘package:base’:

    intersect, setdiff, setequal, union

here() starts at /n/projects/ejr/aai/repos/SnailEyeRegeneration
── Attaching core tidyverse packages ──────────────────────── tidyverse 2.0.0 ──
✔ forcats   1.0.0     ✔ readr     2.1.4
✔ lubridate 1.9.2     ✔ tibble    3.2.1
── Conflicts ────────────────────────────────────────── tidyverse_conflicts() ──
✖ dplyr::filter()    masks stats::filter()
✖ dplyr::lag()       masks stats::lag()
✖ lubridate::stamp() masks cowplot::stamp()
ℹ Use the conflicted package (<http://conflicted.r-lib.org/>) to force all conflicts to become errors
Error in `map()`:
ℹ In index: 1.
Caused by error in `mutate()`:
ℹ In argument: `tag = factor(tag, levels = de.ct[[x]]$tag)`.
Caused by error in `factor()`:
! object 'tag' not found
Backtrace:
     ▆
  1. ├─purrr::map(...)
  2. │ └─purrr:::map_("list", .x, .f, ..., .progress = .progress)
  3. │   ├─purrr:::with_indexed_errors(...)
  4. │   │ └─base::withCallingHandlers(...)
  5. │   ├─purrr:::call_with_cleanup(...)
  6. │   └─global .f(.x[[i]], ...)
  7. │     └─... %>% ...
  8. ├─tidyr::pivot_longer(...)
  9. ├─dplyr::mutate(., tag = factor(tag, levels = de.ct[[x]]$tag))
 10. ├─dplyr:::mutate.data.frame(., tag = factor(tag, levels = de.ct[[x]]$tag))
 11. │ └─dplyr:::mutate_cols(.data, dplyr_quosures(...), by)
 12. │   ├─base::withCallingHandlers(...)
 13. │   └─dplyr:::mutate_col(dots[[i]], data, mask, new_columns)
 14. │     └─mask$eval_all_mutate(quo)
 15. │       └─dplyr (local) eval()
 16. ├─base::factor(tag, levels = de.ct[[x]]$tag)
 17. └─base::.handleSimpleError(...)
 18.   └─dplyr (local) h(simpleError(msg, call))
 19.     └─rlang::abort(message, class = error_class, parent = parent, call = error_call)
Execution halted
here() starts at /n/projects/ejr/aai/repos/SnailEyeRegeneration
── Attaching core tidyverse packages ──────────────────────── tidyverse 2.0.0 ──
✔ dplyr     1.1.2     ✔ readr     2.1.4
✔ forcats   1.0.0     ✔ stringr   1.5.0
✔ ggplot2   3.4.3     ✔ tibble    3.2.1
✔ lubridate 1.9.2     ✔ tidyr     1.3.0
✔ purrr     1.0.1     
── Conflicts ────────────────────────────────────────── tidyverse_conflicts() ──
✖ dplyr::filter() masks stats::filter()
✖ dplyr::lag()    masks stats::lag()
ℹ Use the conflicted package (<http://conflicted.r-lib.org/>) to force all conflicts to become errors

Registered S3 methods overwritten by 'treeio':
  method              from    
  MRCA.phylo          tidytree
  MRCA.treedata       tidytree
  Nnode.treedata      tidytree
  Ntip.treedata       tidytree
  ancestor.phylo      tidytree
  ancestor.treedata   tidytree
  child.phylo         tidytree
  child.treedata      tidytree
  full_join.phylo     tidytree
  full_join.treedata  tidytree
  groupClade.phylo    tidytree
  groupClade.treedata tidytree
  groupOTU.phylo      tidytree
  groupOTU.treedata   tidytree
  is.rooted.treedata  tidytree
  nodeid.phylo        tidytree
  nodeid.treedata     tidytree
  nodelab.phylo       tidytree
  nodelab.treedata    tidytree
  offspring.phylo     tidytree
  offspring.treedata  tidytree
  parent.phylo        tidytree
  parent.treedata     tidytree
  root.treedata       tidytree
  rootnode.phylo      tidytree
  sibling.phylo       tidytree
clusterProfiler v4.6.2  For help: https://yulab-smu.top/biomedical-knowledge-mining-book/

If you use clusterProfiler in published research, please cite:
T Wu, E Hu, S Xu, M Chen, P Guo, Z Dai, T Feng, L Zhou, W Tang, L Zhan, X Fu, S Liu, X Bo, and G Yu. clusterProfiler 4.0: A universal enrichment tool for interpreting omics data. The Innovation. 2021, 2(3):100141

Attaching package: ‘clusterProfiler’

The following object is masked from ‘package:purrr’:

    simplify

The following object is masked from ‘package:stats’:

    filter

GOSemSim v2.24.0  For help: https://yulab-smu.top/biomedical-knowledge-mining-book/

If you use GOSemSim in published research, please cite:
[36m-[39m Guangchuang Yu. Gene Ontology Semantic Similarity Analysis Using GOSemSim. In: Kidder B. (eds) Stem Cell Transcriptional Networks. Methods in Molecular Biology, 2020, 2117:207-215. Humana, New York, NY. doi:10.1007/978-1-0716-0301-7_11
[36m-[39m Guangchuang Yu, Fei Li, Yide Qin, Xiaochen Bo, Yibo Wu, Shengqi Wang. GOSemSim: an R package for measuring semantic similarity among GO terms and gene products Bioinformatics 2010, 26(7):976-978. doi:10.1093/bioinformatics/btq064



Attaching package: ‘cowplot’

The following object is masked from ‘package:lubridate’:

    stamp

Loading required package: AnnotationDbi
Loading required package: stats4
Loading required package: BiocGenerics

Attaching package: ‘BiocGenerics’

The following objects are masked from ‘package:lubridate’:

    intersect, setdiff, union

The following objects are masked from ‘package:dplyr’:

    combine, intersect, setdiff, union

The following objects are masked from ‘package:stats’:

    IQR, mad, sd, var, xtabs

The following objects are masked from ‘package:base’:

    anyDuplicated, aperm, append, as.data.frame, basename, cbind,
    colnames, dirname, do.call, duplicated, eval, evalq, Filter, Find,
    get, grep, grepl, intersect, is.unsorted, lapply, Map, mapply,
    match, mget, order, paste, pmax, pmax.int, pmin, pmin.int,
    Position, rank, rbind, Reduce, rownames, sapply, setdiff, sort,
    table, tapply, union, unique, unsplit, which.max, which.min

Loading required package: Biobase
Welcome to Bioconductor

    Vignettes contain introductory material; view with
    'browseVignettes()'. To cite Bioconductor, see
    'citation("Biobase")', and for packages 'citation("pkgname")'.

Loading required package: IRanges
Loading required package: S4Vectors

Attaching package: ‘S4Vectors’

The following object is masked from ‘package:clusterProfiler’:

    rename

The following objects are masked from ‘package:lubridate’:

    second, second<-

The following objects are masked from ‘package:dplyr’:

    first, rename

The following object is masked from ‘package:tidyr’:

    expand

The following objects are masked from ‘package:base’:

    expand.grid, I, unname


Attaching package: ‘IRanges’

The following object is masked from ‘package:clusterProfiler’:

    slice

The following object is masked from ‘package:lubridate’:

    %within%

The following objects are masked from ‘package:dplyr’:

    collapse, desc, slice

The following object is masked from ‘package:purrr’:

    reduce


Attaching package: ‘AnnotationDbi’

The following object is masked from ‘package:clusterProfiler’:

    select

The following object is masked from ‘package:dplyr’:

    select


here() starts at /n/projects/ejr/aai/repos/SnailEyeRegeneration
Rows: 2178 Columns: 1
── Column specification ────────────────────────────────────────────────────────
Delimiter: "\t"
chr (1): gene_id

ℹ Use `spec()` to retrieve the full column specification for this data.
ℹ Specify the column types or set `show_col_types = FALSE` to quiet this message.
[1] "de-up-go_s_3dpa-s_1dpa-1dpa-ref_lfc0.txt.gz_MF"
[1] "de-up-go_s_3dpa-s_1dpa-1dpa-ref_lfc0.txt.gz_CC"
[1] "de-up-go_s_3dpa-s_1dpa-1dpa-ref_lfc0.txt.gz_BP"
Rows: 3461 Columns: 1
── Column specification ────────────────────────────────────────────────────────
Delimiter: "\t"
chr (1): gene_id

ℹ Use `spec()` to retrieve the full column specification for this data.
ℹ Specify the column types or set `show_col_types = FALSE` to quiet this message.
[1] "de-up-go_s_6dpa-s_1dpa-1dpa-ref_lfc0.txt.gz_MF"
[1] "de-up-go_s_6dpa-s_1dpa-1dpa-ref_lfc0.txt.gz_CC"
[1] "de-up-go_s_6dpa-s_1dpa-1dpa-ref_lfc0.txt.gz_BP"
Rows: 3816 Columns: 1
── Column specification ────────────────────────────────────────────────────────
Delimiter: "\t"
chr (1): gene_id

ℹ Use `spec()` to retrieve the full column specification for this data.
ℹ Specify the column types or set `show_col_types = FALSE` to quiet this message.
[1] "de-up-go_s_9dpa-s_1dpa-1dpa-ref_lfc0.txt.gz_MF"
[1] "de-up-go_s_9dpa-s_1dpa-1dpa-ref_lfc0.txt.gz_CC"
[1] "de-up-go_s_9dpa-s_1dpa-1dpa-ref_lfc0.txt.gz_BP"
Rows: 3472 Columns: 1
── Column specification ────────────────────────────────────────────────────────
Delimiter: "\t"
chr (1): gene_id

ℹ Use `spec()` to retrieve the full column specification for this data.
ℹ Specify the column types or set `show_col_types = FALSE` to quiet this message.
[1] "de-up-go_s_12dpa-s_1dpa-1dpa-ref_lfc0.txt.gz_MF"
[1] "de-up-go_s_12dpa-s_1dpa-1dpa-ref_lfc0.txt.gz_CC"
[1] "de-up-go_s_12dpa-s_1dpa-1dpa-ref_lfc0.txt.gz_BP"
Rows: 4102 Columns: 1
── Column specification ────────────────────────────────────────────────────────
Delimiter: "\t"
chr (1): gene_id

ℹ Use `spec()` to retrieve the full column specification for this data.
ℹ Specify the column types or set `show_col_types = FALSE` to quiet this message.
[1] "de-up-go_s_15dpa-s_1dpa-1dpa-ref_lfc0.txt.gz_MF"
[1] "de-up-go_s_15dpa-s_1dpa-1dpa-ref_lfc0.txt.gz_CC"
[1] "de-up-go_s_15dpa-s_1dpa-1dpa-ref_lfc0.txt.gz_BP"
Rows: 4327 Columns: 1
── Column specification ────────────────────────────────────────────────────────
Delimiter: "\t"
chr (1): gene_id

ℹ Use `spec()` to retrieve the full column specification for this data.
ℹ Specify the column types or set `show_col_types = FALSE` to quiet this message.
[1] "de-up-go_s_21dpa-s_1dpa-1dpa-ref_lfc0.txt.gz_MF"
[1] "de-up-go_s_21dpa-s_1dpa-1dpa-ref_lfc0.txt.gz_CC"
[1] "de-up-go_s_21dpa-s_1dpa-1dpa-ref_lfc0.txt.gz_BP"
Rows: 4328 Columns: 1
── Column specification ────────────────────────────────────────────────────────
Delimiter: "\t"
chr (1): gene_id

ℹ Use `spec()` to retrieve the full column specification for this data.
ℹ Specify the column types or set `show_col_types = FALSE` to quiet this message.
[1] "de-up-go_s_28dpa-s_1dpa-1dpa-ref_lfc0.txt.gz_MF"
[1] "de-up-go_s_28dpa-s_1dpa-1dpa-ref_lfc0.txt.gz_CC"
[1] "de-up-go_s_28dpa-s_1dpa-1dpa-ref_lfc0.txt.gz_BP"
Rows: 4551 Columns: 1
── Column specification ────────────────────────────────────────────────────────
Delimiter: "\t"
chr (1): gene_id

ℹ Use `spec()` to retrieve the full column specification for this data.
ℹ Specify the column types or set `show_col_types = FALSE` to quiet this message.
[1] "de-up-go_s_intact-s_1dpa-1dpa-ref_lfc0.txt.gz_MF"
[1] "de-up-go_s_intact-s_1dpa-1dpa-ref_lfc0.txt.gz_CC"
[1] "de-up-go_s_intact-s_1dpa-1dpa-ref_lfc0.txt.gz_BP"
Rows: 1327 Columns: 1
── Column specification ────────────────────────────────────────────────────────
Delimiter: "\t"
chr (1): gene_id

ℹ Use `spec()` to retrieve the full column specification for this data.
ℹ Specify the column types or set `show_col_types = FALSE` to quiet this message.
[1] "de-up-go_s_3dpa-s_1dpa-1dpa-ref_lfc1.txt.gz_MF"
[1] "de-up-go_s_3dpa-s_1dpa-1dpa-ref_lfc1.txt.gz_CC"
[1] "de-up-go_s_3dpa-s_1dpa-1dpa-ref_lfc1.txt.gz_BP"
Rows: 2587 Columns: 1
── Column specification ────────────────────────────────────────────────────────
Delimiter: "\t"
chr (1): gene_id

ℹ Use `spec()` to retrieve the full column specification for this data.
ℹ Specify the column types or set `show_col_types = FALSE` to quiet this message.
[1] "de-up-go_s_6dpa-s_1dpa-1dpa-ref_lfc1.txt.gz_MF"
[1] "de-up-go_s_6dpa-s_1dpa-1dpa-ref_lfc1.txt.gz_CC"
[1] "de-up-go_s_6dpa-s_1dpa-1dpa-ref_lfc1.txt.gz_BP"
Rows: 3080 Columns: 1
── Column specification ────────────────────────────────────────────────────────
Delimiter: "\t"
chr (1): gene_id

ℹ Use `spec()` to retrieve the full column specification for this data.
ℹ Specify the column types or set `show_col_types = FALSE` to quiet this message.
[1] "de-up-go_s_9dpa-s_1dpa-1dpa-ref_lfc1.txt.gz_MF"
[1] "de-up-go_s_9dpa-s_1dpa-1dpa-ref_lfc1.txt.gz_CC"
[1] "de-up-go_s_9dpa-s_1dpa-1dpa-ref_lfc1.txt.gz_BP"
Rows: 2768 Columns: 1
── Column specification ────────────────────────────────────────────────────────
Delimiter: "\t"
chr (1): gene_id

ℹ Use `spec()` to retrieve the full column specification for this data.
ℹ Specify the column types or set `show_col_types = FALSE` to quiet this message.
[1] "de-up-go_s_12dpa-s_1dpa-1dpa-ref_lfc1.txt.gz_MF"
[1] "de-up-go_s_12dpa-s_1dpa-1dpa-ref_lfc1.txt.gz_CC"
[1] "de-up-go_s_12dpa-s_1dpa-1dpa-ref_lfc1.txt.gz_BP"
Rows: 3391 Columns: 1
── Column specification ────────────────────────────────────────────────────────
Delimiter: "\t"
chr (1): gene_id

ℹ Use `spec()` to retrieve the full column specification for this data.
ℹ Specify the column types or set `show_col_types = FALSE` to quiet this message.
[1] "de-up-go_s_15dpa-s_1dpa-1dpa-ref_lfc1.txt.gz_MF"
[1] "de-up-go_s_15dpa-s_1dpa-1dpa-ref_lfc1.txt.gz_CC"
[1] "de-up-go_s_15dpa-s_1dpa-1dpa-ref_lfc1.txt.gz_BP"
Rows: 3661 Columns: 1
── Column specification ────────────────────────────────────────────────────────
Delimiter: "\t"
chr (1): gene_id

ℹ Use `spec()` to retrieve the full column specification for this data.
ℹ Specify the column types or set `show_col_types = FALSE` to quiet this message.
[1] "de-up-go_s_21dpa-s_1dpa-1dpa-ref_lfc1.txt.gz_MF"
[1] "de-up-go_s_21dpa-s_1dpa-1dpa-ref_lfc1.txt.gz_CC"
[1] "de-up-go_s_21dpa-s_1dpa-1dpa-ref_lfc1.txt.gz_BP"
Rows: 3673 Columns: 1
── Column specification ────────────────────────────────────────────────────────
Delimiter: "\t"
chr (1): gene_id

ℹ Use `spec()` to retrieve the full column specification for this data.
ℹ Specify the column types or set `show_col_types = FALSE` to quiet this message.
[1] "de-up-go_s_28dpa-s_1dpa-1dpa-ref_lfc1.txt.gz_MF"
[1] "de-up-go_s_28dpa-s_1dpa-1dpa-ref_lfc1.txt.gz_CC"
[1] "de-up-go_s_28dpa-s_1dpa-1dpa-ref_lfc1.txt.gz_BP"
Rows: 3702 Columns: 1
── Column specification ────────────────────────────────────────────────────────
Delimiter: "\t"
chr (1): gene_id

ℹ Use `spec()` to retrieve the full column specification for this data.
ℹ Specify the column types or set `show_col_types = FALSE` to quiet this message.
[1] "de-up-go_s_intact-s_1dpa-1dpa-ref_lfc1.txt.gz_MF"
[1] "de-up-go_s_intact-s_1dpa-1dpa-ref_lfc1.txt.gz_CC"
[1] "de-up-go_s_intact-s_1dpa-1dpa-ref_lfc1.txt.gz_BP"
Rows: 303 Columns: 1
── Column specification ────────────────────────────────────────────────────────
Delimiter: "\t"
chr (1): gene_id

ℹ Use `spec()` to retrieve the full column specification for this data.
ℹ Specify the column types or set `show_col_types = FALSE` to quiet this message.
[1] "de-up-go_s_3dpa-s_1dpa-1dpa-ref_lfc2.txt.gz_MF"
[1] "de-up-go_s_3dpa-s_1dpa-1dpa-ref_lfc2.txt.gz_CC"
[1] "de-up-go_s_3dpa-s_1dpa-1dpa-ref_lfc2.txt.gz_BP"
Rows: 1075 Columns: 1
── Column specification ────────────────────────────────────────────────────────
Delimiter: "\t"
chr (1): gene_id

ℹ Use `spec()` to retrieve the full column specification for this data.
ℹ Specify the column types or set `show_col_types = FALSE` to quiet this message.
[1] "de-up-go_s_6dpa-s_1dpa-1dpa-ref_lfc2.txt.gz_MF"
[1] "de-up-go_s_6dpa-s_1dpa-1dpa-ref_lfc2.txt.gz_CC"
[1] "de-up-go_s_6dpa-s_1dpa-1dpa-ref_lfc2.txt.gz_BP"
Rows: 1543 Columns: 1
── Column specification ────────────────────────────────────────────────────────
Delimiter: "\t"
chr (1): gene_id

ℹ Use `spec()` to retrieve the full column specification for this data.
ℹ Specify the column types or set `show_col_types = FALSE` to quiet this message.
[1] "de-up-go_s_9dpa-s_1dpa-1dpa-ref_lfc2.txt.gz_MF"
[1] "de-up-go_s_9dpa-s_1dpa-1dpa-ref_lfc2.txt.gz_CC"
[1] "de-up-go_s_9dpa-s_1dpa-1dpa-ref_lfc2.txt.gz_BP"
Rows: 1382 Columns: 1
── Column specification ────────────────────────────────────────────────────────
Delimiter: "\t"
chr (1): gene_id

ℹ Use `spec()` to retrieve the full column specification for this data.
ℹ Specify the column types or set `show_col_types = FALSE` to quiet this message.
[1] "de-up-go_s_12dpa-s_1dpa-1dpa-ref_lfc2.txt.gz_MF"
[1] "de-up-go_s_12dpa-s_1dpa-1dpa-ref_lfc2.txt.gz_CC"
[1] "de-up-go_s_12dpa-s_1dpa-1dpa-ref_lfc2.txt.gz_BP"
Rows: 1893 Columns: 1
── Column specification ────────────────────────────────────────────────────────
Delimiter: "\t"
chr (1): gene_id

ℹ Use `spec()` to retrieve the full column specification for this data.
ℹ Specify the column types or set `show_col_types = FALSE` to quiet this message.
[1] "de-up-go_s_15dpa-s_1dpa-1dpa-ref_lfc2.txt.gz_MF"
[1] "de-up-go_s_15dpa-s_1dpa-1dpa-ref_lfc2.txt.gz_CC"
[1] "de-up-go_s_15dpa-s_1dpa-1dpa-ref_lfc2.txt.gz_BP"
Rows: 2170 Columns: 1
── Column specification ────────────────────────────────────────────────────────
Delimiter: "\t"
chr (1): gene_id

ℹ Use `spec()` to retrieve the full column specification for this data.
ℹ Specify the column types or set `show_col_types = FALSE` to quiet this message.
[1] "de-up-go_s_21dpa-s_1dpa-1dpa-ref_lfc2.txt.gz_MF"
[1] "de-up-go_s_21dpa-s_1dpa-1dpa-ref_lfc2.txt.gz_CC"
[1] "de-up-go_s_21dpa-s_1dpa-1dpa-ref_lfc2.txt.gz_BP"
Rows: 2224 Columns: 1
── Column specification ────────────────────────────────────────────────────────
Delimiter: "\t"
chr (1): gene_id

ℹ Use `spec()` to retrieve the full column specification for this data.
ℹ Specify the column types or set `show_col_types = FALSE` to quiet this message.
[1] "de-up-go_s_28dpa-s_1dpa-1dpa-ref_lfc2.txt.gz_MF"
[1] "de-up-go_s_28dpa-s_1dpa-1dpa-ref_lfc2.txt.gz_CC"
[1] "de-up-go_s_28dpa-s_1dpa-1dpa-ref_lfc2.txt.gz_BP"
Rows: 2326 Columns: 1
── Column specification ────────────────────────────────────────────────────────
Delimiter: "\t"
chr (1): gene_id

ℹ Use `spec()` to retrieve the full column specification for this data.
ℹ Specify the column types or set `show_col_types = FALSE` to quiet this message.
[1] "de-up-go_s_intact-s_1dpa-1dpa-ref_lfc2.txt.gz_MF"
[1] "de-up-go_s_intact-s_1dpa-1dpa-ref_lfc2.txt.gz_CC"
[1] "de-up-go_s_intact-s_1dpa-1dpa-ref_lfc2.txt.gz_BP"

Attaching package: ‘dplyr’

The following objects are masked from ‘package:stats’:

    filter, lag

The following objects are masked from ‘package:base’:

    intersect, setdiff, setequal, union

here() starts at /n/projects/ejr/aai/repos/SnailEyeRegeneration
── Attaching core tidyverse packages ──────────────────────── tidyverse 2.0.0 ──
✔ forcats   1.0.0     ✔ readr     2.1.4
✔ ggplot2   3.4.3     ✔ tibble    3.2.1
✔ lubridate 1.9.2     ✔ tidyr     1.3.0
── Conflicts ────────────────────────────────────────── tidyverse_conflicts() ──
✖ dplyr::filter() masks stats::filter()
✖ dplyr::lag()    masks stats::lag()
ℹ Use the conflicted package (<http://conflicted.r-lib.org/>) to force all conflicts to become errors
Error in read_tsv(here("1dpa-reference/03_go/output/go-breakdown_lfc0.txt.gz"),  : 
  unused arguments (header = TRUE, comment.char = "")
Execution halted
── Attaching core tidyverse packages ──────────────────────── tidyverse 2.0.0 ──
✔ dplyr     1.1.2     ✔ readr     2.1.4
✔ forcats   1.0.0     ✔ stringr   1.5.0
✔ ggplot2   3.4.3     ✔ tibble    3.2.1
✔ lubridate 1.9.2     ✔ tidyr     1.3.0
✔ purrr     1.0.1     
── Conflicts ────────────────────────────────────────── tidyverse_conflicts() ──
✖ dplyr::filter() masks stats::filter()
✖ dplyr::lag()    masks stats::lag()
ℹ Use the conflicted package (<http://conflicted.r-lib.org/>) to force all conflicts to become errors

Attaching package: ‘cowplot’

The following object is masked from ‘package:lubridate’:

    stamp

here() starts at /n/projects/ejr/aai/repos/SnailEyeRegeneration
Rows: 72 Columns: 2
── Column specification ────────────────────────────────────────────────────────
Delimiter: "\t"
chr (1): go_id
dbl (1): order

ℹ Use `spec()` to retrieve the full column specification for this data.
ℹ Specify the column types or set `show_col_types = FALSE` to quiet this message.
Rows: 4746 Columns: 11
── Column specification ────────────────────────────────────────────────────────
Delimiter: "\t"
chr (7): ID, Description, GeneRatio, BgRatio, geneID, ont, cluster
dbl (4): pvalue, p.adjust, qvalue, Count

ℹ Use `spec()` to retrieve the full column specification for this data.
ℹ Specify the column types or set `show_col_types = FALSE` to quiet this message.
Joining with `by = join_by(go_id)`
Joining with `by = join_by(go_id)`
Rows: 4683 Columns: 11
── Column specification ────────────────────────────────────────────────────────
Delimiter: "\t"
chr (7): ID, Description, GeneRatio, BgRatio, geneID, ont, cluster
dbl (4): pvalue, p.adjust, qvalue, Count

ℹ Use `spec()` to retrieve the full column specification for this data.
ℹ Specify the column types or set `show_col_types = FALSE` to quiet this message.
Joining with `by = join_by(go_id)`
Joining with `by = join_by(go_id)`
Rows: 2900 Columns: 11
── Column specification ────────────────────────────────────────────────────────
Delimiter: "\t"
chr (7): ID, Description, GeneRatio, BgRatio, geneID, ont, cluster
dbl (4): pvalue, p.adjust, qvalue, Count

ℹ Use `spec()` to retrieve the full column specification for this data.
ℹ Specify the column types or set `show_col_types = FALSE` to quiet this message.
Joining with `by = join_by(go_id)`
Joining with `by = join_by(go_id)`
[[1]]
[1] "/n/projects/ejr/aai/repos/SnailEyeRegeneration/1dpa-reference/03_go/figures/select_GO_noid_lfc0-1dpa-ref.pdf"

[[2]]
[1] "/n/projects/ejr/aai/repos/SnailEyeRegeneration/1dpa-reference/03_go/figures/select_GO_noid_lfc1-1dpa-ref.pdf"

[[3]]
[1] "/n/projects/ejr/aai/repos/SnailEyeRegeneration/1dpa-reference/03_go/figures/select_GO_noid_lfc2-1dpa-ref.pdf"


Attaching package: ‘dplyr’

The following objects are masked from ‘package:stats’:

    filter, lag

The following objects are masked from ‘package:base’:

    intersect, setdiff, setequal, union

here() starts at /n/projects/ejr/aai/repos/SnailEyeRegeneration
── Attaching core tidyverse packages ──────────────────────── tidyverse 2.0.0 ──
✔ forcats   1.0.0     ✔ readr     2.1.4
✔ ggplot2   3.4.3     ✔ tibble    3.2.1
✔ lubridate 1.9.2     
── Conflicts ────────────────────────────────────────── tidyverse_conflicts() ──
✖ dplyr::filter() masks stats::filter()
✖ dplyr::lag()    masks stats::lag()
ℹ Use the conflicted package (<http://conflicted.r-lib.org/>) to force all conflicts to become errors
Error in read_tsv(here("1dpa-reference/03_go/output/go-breakdown_lfc0.txt.gz"),  : 
  unused arguments (header = TRUE, comment.char = "")
Execution halted
here() starts at /n/projects/ejr/aai/repos/SnailEyeRegeneration
sh: python: command not found
sh: python: command not found
sh: python: command not found
sh: python: command not found
sh: python: command not found
sh: python: command not found
sh: python: command not found
sh: python: command not found
Warning messages:
1: In system(cmd) : error in running command
2: In system(cmd) : error in running command
3: In system(cmd) : error in running command
4: In system(cmd) : error in running command
5: In system(cmd) : error in running command
6: In system(cmd) : error in running command
7: In system(cmd) : error in running command
8: In system(cmd) : error in running command
Loading required package: limma

Attaching package: ‘dplyr’

The following objects are masked from ‘package:stats’:

    filter, lag

The following objects are masked from ‘package:base’:

    intersect, setdiff, setequal, union

corrplot 0.92 loaded
here() starts at /n/projects/ejr/aai/repos/SnailEyeRegeneration
null device 
          1 
Using classic mode.
null device 
          1 
Selecting by Mean
pdf 
  2 
Warning message:
Removed 27 rows containing missing values (`geom_text_repel()`). 

Attaching package: ‘dplyr’

The following objects are masked from ‘package:stats’:

    filter, lag

The following objects are masked from ‘package:base’:

    intersect, setdiff, setequal, union

here() starts at /n/projects/ejr/aai/repos/SnailEyeRegeneration

Attaching package: ‘dplyr’

The following objects are masked from ‘package:stats’:

    filter, lag

The following objects are masked from ‘package:base’:

    intersect, setdiff, setequal, union

here() starts at /n/projects/ejr/aai/repos/SnailEyeRegeneration

Attaching package: ‘dplyr’

The following objects are masked from ‘package:stats’:

    filter, lag

The following objects are masked from ‘package:base’:

    intersect, setdiff, setequal, union

here() starts at /n/projects/ejr/aai/repos/SnailEyeRegeneration
Error in `map()`:
ℹ In index: 1.
Caused by error in `mutate()`:
ℹ In argument: `tag = factor(tag, levels = de.ct[[x]]$tag)`.
Caused by error in `factor()`:
! object 'tag' not found
Backtrace:
     ▆
  1. ├─purrr::map(...)
  2. │ └─purrr:::map_("list", .x, .f, ..., .progress = .progress)
  3. │   ├─purrr:::with_indexed_errors(...)
  4. │   │ └─base::withCallingHandlers(...)
  5. │   ├─purrr:::call_with_cleanup(...)
  6. │   └─global .f(.x[[i]], ...)
  7. │     └─... %>% ...
  8. ├─tidyr::pivot_longer(...)
  9. ├─dplyr::mutate(., tag = factor(tag, levels = de.ct[[x]]$tag))
 10. ├─dplyr:::mutate.data.frame(., tag = factor(tag, levels = de.ct[[x]]$tag))
 11. │ └─dplyr:::mutate_cols(.data, dplyr_quosures(...), by)
 12. │   ├─base::withCallingHandlers(...)
 13. │   └─dplyr:::mutate_col(dots[[i]], data, mask, new_columns)
 14. │     └─mask$eval_all_mutate(quo)
 15. │       └─dplyr (local) eval()
 16. ├─base::factor(tag, levels = de.ct[[x]]$tag)
 17. └─base::.handleSimpleError(...)
 18.   └─dplyr (local) h(simpleError(msg, call))
 19.     └─rlang::abort(message, class = error_class, parent = parent, call = error_call)
Execution halted
here() starts at /n/projects/ejr/aai/repos/SnailEyeRegeneration
Error in `map()`:
ℹ In index: 1.
Caused by error in `file()`:
! cannot open the connection
Backtrace:
     ▆
  1. ├─purrr::map(...)
  2. │ └─purrr:::map_("list", .x, .f, ..., .progress = .progress)
  3. │   ├─purrr:::with_indexed_errors(...)
  4. │   │ └─base::withCallingHandlers(...)
  5. │   ├─purrr:::call_with_cleanup(...)
  6. │   └─global .f(.x[[i]], ...)
  7. │     └─utils::read.csv(paste0(path, x))
  8. │       └─utils::read.table(...)
  9. │         └─base::file(file, "rt")
 10. └─base::.handleSimpleError(...)
 11.   └─purrr (local) h(simpleError(msg, call))
 12.     └─cli::cli_abort(...)
 13.       └─rlang::abort(...)
Warning message:
In file(file, "rt") :
  cannot open file '/n/projects/ejr/aai/repos/SnailEyeRegeneration/intact-reference/02_dea/tables/de-up_s_1dpa-s_intact-intact-ref_lfc0.csv': No such file or directory
Execution halted
── Attaching core tidyverse packages ──────────────────────── tidyverse 2.0.0 ──
✔ dplyr     1.1.2     ✔ readr     2.1.4
✔ forcats   1.0.0     ✔ stringr   1.5.0
✔ ggplot2   3.4.3     ✔ tibble    3.2.1
✔ lubridate 1.9.2     ✔ tidyr     1.3.0
✔ purrr     1.0.1     
── Conflicts ────────────────────────────────────────── tidyverse_conflicts() ──
✖ dplyr::filter() masks stats::filter()
✖ dplyr::lag()    masks stats::lag()
ℹ Use the conflicted package (<http://conflicted.r-lib.org/>) to force all conflicts to become errors

Registered S3 methods overwritten by 'treeio':
  method              from    
  MRCA.phylo          tidytree
  MRCA.treedata       tidytree
  Nnode.treedata      tidytree
  Ntip.treedata       tidytree
  ancestor.phylo      tidytree
  ancestor.treedata   tidytree
  child.phylo         tidytree
  child.treedata      tidytree
  full_join.phylo     tidytree
  full_join.treedata  tidytree
  groupClade.phylo    tidytree
  groupClade.treedata tidytree
  groupOTU.phylo      tidytree
  groupOTU.treedata   tidytree
  is.rooted.treedata  tidytree
  nodeid.phylo        tidytree
  nodeid.treedata     tidytree
  nodelab.phylo       tidytree
  nodelab.treedata    tidytree
  offspring.phylo     tidytree
  offspring.treedata  tidytree
  parent.phylo        tidytree
  parent.treedata     tidytree
  root.treedata       tidytree
  rootnode.phylo      tidytree
  sibling.phylo       tidytree
clusterProfiler v4.6.2  For help: https://yulab-smu.top/biomedical-knowledge-mining-book/

If you use clusterProfiler in published research, please cite:
T Wu, E Hu, S Xu, M Chen, P Guo, Z Dai, T Feng, L Zhou, W Tang, L Zhan, X Fu, S Liu, X Bo, and G Yu. clusterProfiler 4.0: A universal enrichment tool for interpreting omics data. The Innovation. 2021, 2(3):100141

Attaching package: ‘clusterProfiler’

The following object is masked from ‘package:purrr’:

    simplify

The following object is masked from ‘package:stats’:

    filter

GOSemSim v2.24.0  For help: https://yulab-smu.top/biomedical-knowledge-mining-book/

If you use GOSemSim in published research, please cite:
[36m-[39m Guangchuang Yu. Gene Ontology Semantic Similarity Analysis Using GOSemSim. In: Kidder B. (eds) Stem Cell Transcriptional Networks. Methods in Molecular Biology, 2020, 2117:207-215. Humana, New York, NY. doi:10.1007/978-1-0716-0301-7_11
[36m-[39m Guangchuang Yu, Fei Li, Yide Qin, Xiaochen Bo, Yibo Wu, Shengqi Wang. GOSemSim: an R package for measuring semantic similarity among GO terms and gene products Bioinformatics 2010, 26(7):976-978. doi:10.1093/bioinformatics/btq064



Attaching package: ‘cowplot’

The following object is masked from ‘package:lubridate’:

    stamp

Loading required package: AnnotationDbi
Loading required package: stats4
Loading required package: BiocGenerics

Attaching package: ‘BiocGenerics’

The following objects are masked from ‘package:lubridate’:

    intersect, setdiff, union

The following objects are masked from ‘package:dplyr’:

    combine, intersect, setdiff, union

The following objects are masked from ‘package:stats’:

    IQR, mad, sd, var, xtabs

The following objects are masked from ‘package:base’:

    anyDuplicated, aperm, append, as.data.frame, basename, cbind,
    colnames, dirname, do.call, duplicated, eval, evalq, Filter, Find,
    get, grep, grepl, intersect, is.unsorted, lapply, Map, mapply,
    match, mget, order, paste, pmax, pmax.int, pmin, pmin.int,
    Position, rank, rbind, Reduce, rownames, sapply, setdiff, sort,
    table, tapply, union, unique, unsplit, which.max, which.min

Loading required package: Biobase
Welcome to Bioconductor

    Vignettes contain introductory material; view with
    'browseVignettes()'. To cite Bioconductor, see
    'citation("Biobase")', and for packages 'citation("pkgname")'.

Loading required package: IRanges
Loading required package: S4Vectors

Attaching package: ‘S4Vectors’

The following object is masked from ‘package:clusterProfiler’:

    rename

The following objects are masked from ‘package:lubridate’:

    second, second<-

The following objects are masked from ‘package:dplyr’:

    first, rename

The following object is masked from ‘package:tidyr’:

    expand

The following objects are masked from ‘package:base’:

    expand.grid, I, unname


Attaching package: ‘IRanges’

The following object is masked from ‘package:clusterProfiler’:

    slice

The following object is masked from ‘package:lubridate’:

    %within%

The following objects are masked from ‘package:dplyr’:

    collapse, desc, slice

The following object is masked from ‘package:purrr’:

    reduce


Attaching package: ‘AnnotationDbi’

The following object is masked from ‘package:clusterProfiler’:

    select

The following object is masked from ‘package:dplyr’:

    select


here() starts at /n/projects/ejr/aai/repos/SnailEyeRegeneration
Error in `map()`:
ℹ In index: 1.
Caused by error in `map()`:
ℹ In index: 1.
Caused by error:
! 'de-up-go_s_1dpa-s_intact-intact-ref_lfc0.txt' does not exist in current working directory ('/n/projects/ejr/aai/repos/SnailEyeRegeneration/intact-reference/03_go/input').
Backtrace:
     ▆
  1. ├─purrr::map(...)
  2. │ └─purrr:::map_("list", .x, .f, ..., .progress = .progress)
  3. │   ├─purrr:::with_indexed_errors(...)
  4. │   │ └─base::withCallingHandlers(...)
  5. │   ├─purrr:::call_with_cleanup(...)
  6. │   └─global .f(.x[[i]], ...)
  7. │     └─purrr::map(...)
  8. │       └─purrr:::map_("list", .x, .f, ..., .progress = .progress)
  9. │         ├─purrr:::with_indexed_errors(...)
 10. │         │ └─base::withCallingHandlers(...)
 11. │         ├─purrr:::call_with_cleanup(...)
 12. │         └─.f(.x[[i]], ...)
 13. │           └─readr::read_tsv(x)
 14. │             └─vroom::vroom(...)
 15. │               └─vroom:::vroom_(...)
 16. ├─vroom (local) `<fn>`("de-up-go_s_1dpa-s_intact-intact-ref_lfc0.txt")
 17. │ └─vroom:::check_path(path)
 18. │   └─base::stop(...)
 19. └─base::.handleSimpleError(...)
 20.   └─purrr (local) h(simpleError(msg, call))
 21.     └─cli::cli_abort(...)
 22.       └─rlang::abort(...)
Execution halted

Attaching package: ‘dplyr’

The following objects are masked from ‘package:stats’:

    filter, lag

The following objects are masked from ‘package:base’:

    intersect, setdiff, setequal, union

here() starts at /n/projects/ejr/aai/repos/SnailEyeRegeneration
Error in file(file, "rt") : cannot open the connection
Calls: read.table -> file
In addition: Warning message:
In file(file, "rt") :
  cannot open file '/n/projects/ejr/aai/repos/SnailEyeRegeneration/intact-reference/03_go/output/go-breakdown_lfc0.txt.gz': No such file or directory
Execution halted
── Attaching core tidyverse packages ──────────────────────── tidyverse 2.0.0 ──
✔ dplyr     1.1.2     ✔ readr     2.1.4
✔ forcats   1.0.0     ✔ stringr   1.5.0
✔ ggplot2   3.4.3     ✔ tibble    3.2.1
✔ lubridate 1.9.2     ✔ tidyr     1.3.0
✔ purrr     1.0.1     
── Conflicts ────────────────────────────────────────── tidyverse_conflicts() ──
✖ dplyr::filter() masks stats::filter()
✖ dplyr::lag()    masks stats::lag()
ℹ Use the conflicted package (<http://conflicted.r-lib.org/>) to force all conflicts to become errors

Attaching package: ‘cowplot’

The following object is masked from ‘package:lubridate’:

    stamp

here() starts at /n/projects/ejr/aai/repos/SnailEyeRegeneration
Rows: 72 Columns: 2
── Column specification ────────────────────────────────────────────────────────
Delimiter: "\t"
chr (1): go_id
dbl (1): order

ℹ Use `spec()` to retrieve the full column specification for this data.
ℹ Specify the column types or set `show_col_types = FALSE` to quiet this message.
Error in `map()`:
ℹ In index: 1.
Caused by error:
! '/n/projects/ejr/aai/repos/SnailEyeRegeneration/intact-reference/03_go/output/go-breakdown_lfc0.txt.gz' does not exist.
Backtrace:
     ▆
  1. ├─purrr::map(...)
  2. │ └─purrr:::map_("list", .x, .f, ..., .progress = .progress)
  3. │   ├─purrr:::with_indexed_errors(...)
  4. │   │ └─base::withCallingHandlers(...)
  5. │   ├─purrr:::call_with_cleanup(...)
  6. │   └─global .f(.x[[i]], ...)
  7. │     ├─... %>% ...
  8. │     └─readr::read_tsv(...)
  9. │       └─vroom::vroom(...)
 10. │         └─vroom:::vroom_(...)
 11. ├─tidyr::separate(...)
 12. ├─dplyr::mutate(...)
 13. ├─dplyr::mutate(., file = str_replace(file, ".txt", ""))
 14. ├─dplyr::mutate(., file = str_replace(file, "-s_", "-"))
 15. ├─dplyr::mutate(., file = str_replace(file, "-go_s", ""))
 16. ├─dplyr::mutate(., file = str_replace(file, "de-", ""))
 17. ├─dplyr::rename(., go_id = ID)
 18. ├─dplyr::filter(., str_detect(file, "de-up"))
 19. ├─dplyr::mutate(., file = cluster)
 20. ├─vroom (local) `<fn>`("/n/projects/ejr/aai/repos/SnailEyeRegeneration/intact-reference/03_go/output/go-breakdown_lfc0.txt.gz")
 21. │ └─vroom:::check_path(path)
 22. │   └─base::stop(...)
 23. └─base::.handleSimpleError(...)
 24.   └─purrr (local) h(simpleError(msg, call))
 25.     └─cli::cli_abort(...)
 26.       └─rlang::abort(...)
Execution halted

Attaching package: ‘dplyr’

The following objects are masked from ‘package:stats’:

    filter, lag

The following objects are masked from ‘package:base’:

    intersect, setdiff, setequal, union

here() starts at /n/projects/ejr/aai/repos/SnailEyeRegeneration
Error in file(file, "rt") : cannot open the connection
Calls: read.table -> file
In addition: Warning message:
In file(file, "rt") :
  cannot open file '/n/projects/ejr/aai/repos/SnailEyeRegeneration/intact-reference/03_go/output/go-breakdown_lfc0.txt.gz': No such file or directory
Execution halted
here() starts at /n/projects/ejr/aai/repos/SnailEyeRegeneration
Loading required package: limma

Attaching package: ‘dplyr’

The following objects are masked from ‘package:stats’:

    filter, lag

The following objects are masked from ‘package:base’:

    intersect, setdiff, setequal, union

corrplot 0.92 loaded
here() starts at /n/projects/ejr/aai/repos/SnailEyeRegeneration
null device 
          1 
Using classic mode.
null device 
          1 
Selecting by Mean
null device 
          1 
Warning message:
Removed 27 rows containing missing values (`geom_text_repel()`). 

Attaching package: ‘dplyr’

The following objects are masked from ‘package:stats’:

    filter, lag

The following objects are masked from ‘package:base’:

    intersect, setdiff, setequal, union

here() starts at /n/projects/ejr/aai/repos/SnailEyeRegeneration

Attaching package: ‘dplyr’

The following objects are masked from ‘package:stats’:

    filter, lag

The following objects are masked from ‘package:base’:

    intersect, setdiff, setequal, union

here() starts at /n/projects/ejr/aai/repos/SnailEyeRegeneration

Attaching package: ‘dplyr’

The following objects are masked from ‘package:stats’:

    filter, lag

The following objects are masked from ‘package:base’:

    intersect, setdiff, setequal, union

here() starts at /n/projects/ejr/aai/repos/SnailEyeRegeneration
Error in `map()`:
ℹ In index: 1.
Caused by error in `mutate()`:
ℹ In argument: `tag = factor(tag, levels = de.ct[[x]]$tag)`.
Caused by error in `factor()`:
! object 'tag' not found
Backtrace:
     ▆
  1. ├─purrr::map(...)
  2. │ └─purrr:::map_("list", .x, .f, ..., .progress = .progress)
  3. │   ├─purrr:::with_indexed_errors(...)
  4. │   │ └─base::withCallingHandlers(...)
  5. │   ├─purrr:::call_with_cleanup(...)
  6. │   └─global .f(.x[[i]], ...)
  7. │     └─... %>% ...
  8. ├─tidyr::pivot_longer(...)
  9. ├─dplyr::mutate(., tag = factor(tag, levels = de.ct[[x]]$tag))
 10. ├─dplyr:::mutate.data.frame(., tag = factor(tag, levels = de.ct[[x]]$tag))
 11. │ └─dplyr:::mutate_cols(.data, dplyr_quosures(...), by)
 12. │   ├─base::withCallingHandlers(...)
 13. │   └─dplyr:::mutate_col(dots[[i]], data, mask, new_columns)
 14. │     └─mask$eval_all_mutate(quo)
 15. │       └─dplyr (local) eval()
 16. ├─base::factor(tag, levels = de.ct[[x]]$tag)
 17. └─base::.handleSimpleError(...)
 18.   └─dplyr (local) h(simpleError(msg, call))
 19.     └─rlang::abort(message, class = error_class, parent = parent, call = error_call)
Execution halted
here() starts at /n/projects/ejr/aai/repos/SnailEyeRegeneration
── Attaching core tidyverse packages ──────────────────────── tidyverse 2.0.0 ──
✔ dplyr     1.1.2     ✔ readr     2.1.4
✔ forcats   1.0.0     ✔ stringr   1.5.0
✔ ggplot2   3.4.3     ✔ tibble    3.2.1
✔ lubridate 1.9.2     ✔ tidyr     1.3.0
✔ purrr     1.0.1     
── Conflicts ────────────────────────────────────────── tidyverse_conflicts() ──
✖ dplyr::filter() masks stats::filter()
✖ dplyr::lag()    masks stats::lag()
ℹ Use the conflicted package (<http://conflicted.r-lib.org/>) to force all conflicts to become errors

Registered S3 methods overwritten by 'treeio':
  method              from    
  MRCA.phylo          tidytree
  MRCA.treedata       tidytree
  Nnode.treedata      tidytree
  Ntip.treedata       tidytree
  ancestor.phylo      tidytree
  ancestor.treedata   tidytree
  child.phylo         tidytree
  child.treedata      tidytree
  full_join.phylo     tidytree
  full_join.treedata  tidytree
  groupClade.phylo    tidytree
  groupClade.treedata tidytree
  groupOTU.phylo      tidytree
  groupOTU.treedata   tidytree
  is.rooted.treedata  tidytree
  nodeid.phylo        tidytree
  nodeid.treedata     tidytree
  nodelab.phylo       tidytree
  nodelab.treedata    tidytree
  offspring.phylo     tidytree
  offspring.treedata  tidytree
  parent.phylo        tidytree
  parent.treedata     tidytree
  root.treedata       tidytree
  rootnode.phylo      tidytree
  sibling.phylo       tidytree
clusterProfiler v4.6.2  For help: https://yulab-smu.top/biomedical-knowledge-mining-book/

If you use clusterProfiler in published research, please cite:
T Wu, E Hu, S Xu, M Chen, P Guo, Z Dai, T Feng, L Zhou, W Tang, L Zhan, X Fu, S Liu, X Bo, and G Yu. clusterProfiler 4.0: A universal enrichment tool for interpreting omics data. The Innovation. 2021, 2(3):100141

Attaching package: ‘clusterProfiler’

The following object is masked from ‘package:purrr’:

    simplify

The following object is masked from ‘package:stats’:

    filter

GOSemSim v2.24.0  For help: https://yulab-smu.top/biomedical-knowledge-mining-book/

If you use GOSemSim in published research, please cite:
[36m-[39m Guangchuang Yu. Gene Ontology Semantic Similarity Analysis Using GOSemSim. In: Kidder B. (eds) Stem Cell Transcriptional Networks. Methods in Molecular Biology, 2020, 2117:207-215. Humana, New York, NY. doi:10.1007/978-1-0716-0301-7_11
[36m-[39m Guangchuang Yu, Fei Li, Yide Qin, Xiaochen Bo, Yibo Wu, Shengqi Wang. GOSemSim: an R package for measuring semantic similarity among GO terms and gene products Bioinformatics 2010, 26(7):976-978. doi:10.1093/bioinformatics/btq064



Attaching package: ‘cowplot’

The following object is masked from ‘package:lubridate’:

    stamp

Loading required package: AnnotationDbi
Loading required package: stats4
Loading required package: BiocGenerics

Attaching package: ‘BiocGenerics’

The following objects are masked from ‘package:lubridate’:

    intersect, setdiff, union

The following objects are masked from ‘package:dplyr’:

    combine, intersect, setdiff, union

The following objects are masked from ‘package:stats’:

    IQR, mad, sd, var, xtabs

The following objects are masked from ‘package:base’:

    anyDuplicated, aperm, append, as.data.frame, basename, cbind,
    colnames, dirname, do.call, duplicated, eval, evalq, Filter, Find,
    get, grep, grepl, intersect, is.unsorted, lapply, Map, mapply,
    match, mget, order, paste, pmax, pmax.int, pmin, pmin.int,
    Position, rank, rbind, Reduce, rownames, sapply, setdiff, sort,
    table, tapply, union, unique, unsplit, which.max, which.min

Loading required package: Biobase
Welcome to Bioconductor

    Vignettes contain introductory material; view with
    'browseVignettes()'. To cite Bioconductor, see
    'citation("Biobase")', and for packages 'citation("pkgname")'.

Loading required package: IRanges
Loading required package: S4Vectors

Attaching package: ‘S4Vectors’

The following object is masked from ‘package:clusterProfiler’:

    rename

The following objects are masked from ‘package:lubridate’:

    second, second<-

The following objects are masked from ‘package:dplyr’:

    first, rename

The following object is masked from ‘package:tidyr’:

    expand

The following objects are masked from ‘package:base’:

    expand.grid, I, unname


Attaching package: ‘IRanges’

The following object is masked from ‘package:clusterProfiler’:

    slice

The following object is masked from ‘package:lubridate’:

    %within%

The following objects are masked from ‘package:dplyr’:

    collapse, desc, slice

The following object is masked from ‘package:purrr’:

    reduce


Attaching package: ‘AnnotationDbi’

The following object is masked from ‘package:clusterProfiler’:

    select

The following object is masked from ‘package:dplyr’:

    select


here() starts at /n/projects/ejr/aai/repos/SnailEyeRegeneration
Rows: 2178 Columns: 1
── Column specification ────────────────────────────────────────────────────────
Delimiter: "\t"
chr (1): gene_id

ℹ Use `spec()` to retrieve the full column specification for this data.
ℹ Specify the column types or set `show_col_types = FALSE` to quiet this message.
[1] "de-up-go_s_3dpa-s_1dpa-seq-ref_lfc0.txt.gz_MF"
[1] "de-up-go_s_3dpa-s_1dpa-seq-ref_lfc0.txt.gz_CC"
[1] "de-up-go_s_3dpa-s_1dpa-seq-ref_lfc0.txt.gz_BP"
Rows: 907 Columns: 1
── Column specification ────────────────────────────────────────────────────────
Delimiter: "\t"
chr (1): gene_id

ℹ Use `spec()` to retrieve the full column specification for this data.
ℹ Specify the column types or set `show_col_types = FALSE` to quiet this message.
[1] "de-up-go_s_6dpa-s_3dpa-seq-ref_lfc0.txt.gz_MF"
[1] "de-up-go_s_6dpa-s_3dpa-seq-ref_lfc0.txt.gz_CC"
[1] "de-up-go_s_6dpa-s_3dpa-seq-ref_lfc0.txt.gz_BP"
Rows: 308 Columns: 1
── Column specification ────────────────────────────────────────────────────────
Delimiter: "\t"
chr (1): gene_id

ℹ Use `spec()` to retrieve the full column specification for this data.
ℹ Specify the column types or set `show_col_types = FALSE` to quiet this message.
[1] "de-up-go_s_9dpa-s_6dpa-seq-ref_lfc0.txt.gz_MF"
[1] "de-up-go_s_9dpa-s_6dpa-seq-ref_lfc0.txt.gz_CC"
[1] "de-up-go_s_9dpa-s_6dpa-seq-ref_lfc0.txt.gz_BP"
Rows: 597 Columns: 1
── Column specification ────────────────────────────────────────────────────────
Delimiter: "\t"
chr (1): gene_id

ℹ Use `spec()` to retrieve the full column specification for this data.
ℹ Specify the column types or set `show_col_types = FALSE` to quiet this message.
[1] "de-up-go_s_12dpa-s_9dpa-seq-ref_lfc0.txt.gz_MF"
[1] "de-up-go_s_12dpa-s_9dpa-seq-ref_lfc0.txt.gz_CC"
[1] "de-up-go_s_12dpa-s_9dpa-seq-ref_lfc0.txt.gz_BP"
Rows: 216 Columns: 1
── Column specification ────────────────────────────────────────────────────────
Delimiter: "\t"
chr (1): gene_id

ℹ Use `spec()` to retrieve the full column specification for this data.
ℹ Specify the column types or set `show_col_types = FALSE` to quiet this message.
[1] "de-up-go_s_15dpa-s_12dpa-seq-ref_lfc0.txt.gz_MF"
[1] "de-up-go_s_15dpa-s_12dpa-seq-ref_lfc0.txt.gz_CC"
[1] "de-up-go_s_15dpa-s_12dpa-seq-ref_lfc0.txt.gz_BP"
Rows: 38 Columns: 1
── Column specification ────────────────────────────────────────────────────────
Delimiter: "\t"
chr (1): gene_id

ℹ Use `spec()` to retrieve the full column specification for this data.
ℹ Specify the column types or set `show_col_types = FALSE` to quiet this message.
[1] "de-up-go_s_21dpa-s_15dpa-seq-ref_lfc0.txt.gz_MF"
[1] "de-up-go_s_21dpa-s_15dpa-seq-ref_lfc0.txt.gz_CC"
[1] "de-up-go_s_21dpa-s_15dpa-seq-ref_lfc0.txt.gz_BP"
Rows: 1 Columns: 1
── Column specification ────────────────────────────────────────────────────────
Delimiter: "\t"
chr (1): gene_id

ℹ Use `spec()` to retrieve the full column specification for this data.
ℹ Specify the column types or set `show_col_types = FALSE` to quiet this message.
[1] "de-up-go_s_28dpa-s_21dpa-seq-ref_lfc0.txt.gz_MF"
[1] "de-up-go_s_28dpa-s_21dpa-seq-ref_lfc0.txt.gz_CC"
[1] "de-up-go_s_28dpa-s_21dpa-seq-ref_lfc0.txt.gz_BP"
Rows: 707 Columns: 1
── Column specification ────────────────────────────────────────────────────────
Delimiter: "\t"
chr (1): gene_id

ℹ Use `spec()` to retrieve the full column specification for this data.
ℹ Specify the column types or set `show_col_types = FALSE` to quiet this message.
[1] "de-up-go_s_intact-s_28dpa-seq-ref_lfc0.txt.gz_MF"
[1] "de-up-go_s_intact-s_28dpa-seq-ref_lfc0.txt.gz_CC"
[1] "de-up-go_s_intact-s_28dpa-seq-ref_lfc0.txt.gz_BP"
Rows: 1327 Columns: 1
── Column specification ────────────────────────────────────────────────────────
Delimiter: "\t"
chr (1): gene_id

ℹ Use `spec()` to retrieve the full column specification for this data.
ℹ Specify the column types or set `show_col_types = FALSE` to quiet this message.
[1] "de-up-go_s_3dpa-s_1dpa-seq-ref_lfc1.txt.gz_MF"
[1] "de-up-go_s_3dpa-s_1dpa-seq-ref_lfc1.txt.gz_CC"
[1] "de-up-go_s_3dpa-s_1dpa-seq-ref_lfc1.txt.gz_BP"
Rows: 704 Columns: 1
── Column specification ────────────────────────────────────────────────────────
Delimiter: "\t"
chr (1): gene_id

ℹ Use `spec()` to retrieve the full column specification for this data.
ℹ Specify the column types or set `show_col_types = FALSE` to quiet this message.
[1] "de-up-go_s_6dpa-s_3dpa-seq-ref_lfc1.txt.gz_MF"
[1] "de-up-go_s_6dpa-s_3dpa-seq-ref_lfc1.txt.gz_CC"
[1] "de-up-go_s_6dpa-s_3dpa-seq-ref_lfc1.txt.gz_BP"
Rows: 238 Columns: 1
── Column specification ────────────────────────────────────────────────────────
Delimiter: "\t"
chr (1): gene_id

ℹ Use `spec()` to retrieve the full column specification for this data.
ℹ Specify the column types or set `show_col_types = FALSE` to quiet this message.
[1] "de-up-go_s_9dpa-s_6dpa-seq-ref_lfc1.txt.gz_MF"
[1] "de-up-go_s_9dpa-s_6dpa-seq-ref_lfc1.txt.gz_CC"
[1] "de-up-go_s_9dpa-s_6dpa-seq-ref_lfc1.txt.gz_BP"
Rows: 214 Columns: 1
── Column specification ────────────────────────────────────────────────────────
Delimiter: "\t"
chr (1): gene_id

ℹ Use `spec()` to retrieve the full column specification for this data.
ℹ Specify the column types or set `show_col_types = FALSE` to quiet this message.
[1] "de-up-go_s_12dpa-s_9dpa-seq-ref_lfc1.txt.gz_MF"
[1] "de-up-go_s_12dpa-s_9dpa-seq-ref_lfc1.txt.gz_CC"
[1] "de-up-go_s_12dpa-s_9dpa-seq-ref_lfc1.txt.gz_BP"
Rows: 155 Columns: 1
── Column specification ────────────────────────────────────────────────────────
Delimiter: "\t"
chr (1): gene_id

ℹ Use `spec()` to retrieve the full column specification for this data.
ℹ Specify the column types or set `show_col_types = FALSE` to quiet this message.
[1] "de-up-go_s_15dpa-s_12dpa-seq-ref_lfc1.txt.gz_MF"
[1] "de-up-go_s_15dpa-s_12dpa-seq-ref_lfc1.txt.gz_CC"
[1] "de-up-go_s_15dpa-s_12dpa-seq-ref_lfc1.txt.gz_BP"
Rows: 21 Columns: 1
── Column specification ────────────────────────────────────────────────────────
Delimiter: "\t"
chr (1): gene_id

ℹ Use `spec()` to retrieve the full column specification for this data.
ℹ Specify the column types or set `show_col_types = FALSE` to quiet this message.
[1] "de-up-go_s_21dpa-s_15dpa-seq-ref_lfc1.txt.gz_MF"
[1] "de-up-go_s_21dpa-s_15dpa-seq-ref_lfc1.txt.gz_CC"
[1] "de-up-go_s_21dpa-s_15dpa-seq-ref_lfc1.txt.gz_BP"
Rows: 0 Columns: 1
── Column specification ────────────────────────────────────────────────────────
Delimiter: "\t"
chr (1): gene_id

ℹ Use `spec()` to retrieve the full column specification for this data.
ℹ Specify the column types or set `show_col_types = FALSE` to quiet this message.
--> No gene can be mapped....
--> Expected input gene ID: LOC112564981,LOC112569961,LOC112554653,LOC112567001,LOC112559750,LOC112557649
--> return NULL...
[1] "de-up-go_s_28dpa-s_21dpa-seq-ref_lfc1.txt.gz_MF"
--> No gene can be mapped....
--> Expected input gene ID: LOC112554227,LOC112576156,LOC112553612,LOC112574018,LOC112570196,LOC112555637
--> return NULL...
[1] "de-up-go_s_28dpa-s_21dpa-seq-ref_lfc1.txt.gz_CC"
--> No gene can be mapped....
--> Expected input gene ID: LOC112577242,LOC112568965,LOC112576515,LOC112570937,LOC112555711,LOC112560095
--> return NULL...
[1] "de-up-go_s_28dpa-s_21dpa-seq-ref_lfc1.txt.gz_BP"
Rows: 382 Columns: 1
── Column specification ────────────────────────────────────────────────────────
Delimiter: "\t"
chr (1): gene_id

ℹ Use `spec()` to retrieve the full column specification for this data.
ℹ Specify the column types or set `show_col_types = FALSE` to quiet this message.
[1] "de-up-go_s_intact-s_28dpa-seq-ref_lfc1.txt.gz_MF"
[1] "de-up-go_s_intact-s_28dpa-seq-ref_lfc1.txt.gz_CC"
[1] "de-up-go_s_intact-s_28dpa-seq-ref_lfc1.txt.gz_BP"
Rows: 303 Columns: 1
── Column specification ────────────────────────────────────────────────────────
Delimiter: "\t"
chr (1): gene_id

ℹ Use `spec()` to retrieve the full column specification for this data.
ℹ Specify the column types or set `show_col_types = FALSE` to quiet this message.
[1] "de-up-go_s_3dpa-s_1dpa-seq-ref_lfc2.txt.gz_MF"
[1] "de-up-go_s_3dpa-s_1dpa-seq-ref_lfc2.txt.gz_CC"
[1] "de-up-go_s_3dpa-s_1dpa-seq-ref_lfc2.txt.gz_BP"
Rows: 303 Columns: 1
── Column specification ────────────────────────────────────────────────────────
Delimiter: "\t"
chr (1): gene_id

ℹ Use `spec()` to retrieve the full column specification for this data.
ℹ Specify the column types or set `show_col_types = FALSE` to quiet this message.
[1] "de-up-go_s_6dpa-s_3dpa-seq-ref_lfc2.txt.gz_MF"
[1] "de-up-go_s_6dpa-s_3dpa-seq-ref_lfc2.txt.gz_CC"
[1] "de-up-go_s_6dpa-s_3dpa-seq-ref_lfc2.txt.gz_BP"
Rows: 71 Columns: 1
── Column specification ────────────────────────────────────────────────────────
Delimiter: "\t"
chr (1): gene_id

ℹ Use `spec()` to retrieve the full column specification for this data.
ℹ Specify the column types or set `show_col_types = FALSE` to quiet this message.
[1] "de-up-go_s_9dpa-s_6dpa-seq-ref_lfc2.txt.gz_MF"
[1] "de-up-go_s_9dpa-s_6dpa-seq-ref_lfc2.txt.gz_CC"
[1] "de-up-go_s_9dpa-s_6dpa-seq-ref_lfc2.txt.gz_BP"
Rows: 85 Columns: 1
── Column specification ────────────────────────────────────────────────────────
Delimiter: "\t"
chr (1): gene_id

ℹ Use `spec()` to retrieve the full column specification for this data.
ℹ Specify the column types or set `show_col_types = FALSE` to quiet this message.
[1] "de-up-go_s_12dpa-s_9dpa-seq-ref_lfc2.txt.gz_MF"
[1] "de-up-go_s_12dpa-s_9dpa-seq-ref_lfc2.txt.gz_CC"
[1] "de-up-go_s_12dpa-s_9dpa-seq-ref_lfc2.txt.gz_BP"
Rows: 43 Columns: 1
── Column specification ────────────────────────────────────────────────────────
Delimiter: "\t"
chr (1): gene_id

ℹ Use `spec()` to retrieve the full column specification for this data.
ℹ Specify the column types or set `show_col_types = FALSE` to quiet this message.
[1] "de-up-go_s_15dpa-s_12dpa-seq-ref_lfc2.txt.gz_MF"
[1] "de-up-go_s_15dpa-s_12dpa-seq-ref_lfc2.txt.gz_CC"
[1] "de-up-go_s_15dpa-s_12dpa-seq-ref_lfc2.txt.gz_BP"
Rows: 5 Columns: 1
── Column specification ────────────────────────────────────────────────────────
Delimiter: "\t"
chr (1): gene_id

ℹ Use `spec()` to retrieve the full column specification for this data.
ℹ Specify the column types or set `show_col_types = FALSE` to quiet this message.
[1] "de-up-go_s_21dpa-s_15dpa-seq-ref_lfc2.txt.gz_MF"
[1] "de-up-go_s_21dpa-s_15dpa-seq-ref_lfc2.txt.gz_CC"
[1] "de-up-go_s_21dpa-s_15dpa-seq-ref_lfc2.txt.gz_BP"
Rows: 0 Columns: 1
── Column specification ────────────────────────────────────────────────────────
Delimiter: "\t"
chr (1): gene_id

ℹ Use `spec()` to retrieve the full column specification for this data.
ℹ Specify the column types or set `show_col_types = FALSE` to quiet this message.
--> No gene can be mapped....
--> Expected input gene ID: LOC112554653,LOC112568206,LOC112561857,LOC112555250,LOC112565680,LOC112555681
--> return NULL...
[1] "de-up-go_s_28dpa-s_21dpa-seq-ref_lfc2.txt.gz_MF"
--> No gene can be mapped....
--> Expected input gene ID: LOC112557342,LOC112557045,LOC112573116,LOC112571800,LOC112571842,LOC112556013
--> return NULL...
[1] "de-up-go_s_28dpa-s_21dpa-seq-ref_lfc2.txt.gz_CC"
--> No gene can be mapped....
--> Expected input gene ID: LOC112560185,LOC112554203,LOC112560020,LOC112563991,LOC112560989,LOC112562424
--> return NULL...
[1] "de-up-go_s_28dpa-s_21dpa-seq-ref_lfc2.txt.gz_BP"
Rows: 101 Columns: 1
── Column specification ────────────────────────────────────────────────────────
Delimiter: "\t"
chr (1): gene_id

ℹ Use `spec()` to retrieve the full column specification for this data.
ℹ Specify the column types or set `show_col_types = FALSE` to quiet this message.
[1] "de-up-go_s_intact-s_28dpa-seq-ref_lfc2.txt.gz_MF"
[1] "de-up-go_s_intact-s_28dpa-seq-ref_lfc2.txt.gz_CC"
[1] "de-up-go_s_intact-s_28dpa-seq-ref_lfc2.txt.gz_BP"

Attaching package: ‘dplyr’

The following objects are masked from ‘package:stats’:

    filter, lag

The following objects are masked from ‘package:base’:

    intersect, setdiff, setequal, union

here() starts at /n/projects/ejr/aai/repos/SnailEyeRegeneration
── Attaching core tidyverse packages ──────────────────────── tidyverse 2.0.0 ──
✔ dplyr     1.1.2     ✔ readr     2.1.4
✔ forcats   1.0.0     ✔ stringr   1.5.0
✔ ggplot2   3.4.3     ✔ tibble    3.2.1
✔ lubridate 1.9.2     ✔ tidyr     1.3.0
✔ purrr     1.0.1     
── Conflicts ────────────────────────────────────────── tidyverse_conflicts() ──
✖ dplyr::filter() masks stats::filter()
✖ dplyr::lag()    masks stats::lag()
ℹ Use the conflicted package (<http://conflicted.r-lib.org/>) to force all conflicts to become errors

Attaching package: ‘cowplot’

The following object is masked from ‘package:lubridate’:

    stamp

here() starts at /n/projects/ejr/aai/repos/SnailEyeRegeneration
Rows: 72 Columns: 2
── Column specification ────────────────────────────────────────────────────────
Delimiter: "\t"
chr (1): go_id
dbl (1): order

ℹ Use `spec()` to retrieve the full column specification for this data.
ℹ Specify the column types or set `show_col_types = FALSE` to quiet this message.
Rows: 1156 Columns: 11
── Column specification ────────────────────────────────────────────────────────
Delimiter: "\t"
chr (7): ID, Description, GeneRatio, BgRatio, geneID, ont, cluster
dbl (4): pvalue, p.adjust, qvalue, Count

ℹ Use `spec()` to retrieve the full column specification for this data.
ℹ Specify the column types or set `show_col_types = FALSE` to quiet this message.
Joining with `by = join_by(go_id)`
Joining with `by = join_by(go_id)`
Rows: 639 Columns: 11
── Column specification ────────────────────────────────────────────────────────
Delimiter: "\t"
chr (7): ID, Description, GeneRatio, BgRatio, geneID, ont, cluster
dbl (4): pvalue, p.adjust, qvalue, Count

ℹ Use `spec()` to retrieve the full column specification for this data.
ℹ Specify the column types or set `show_col_types = FALSE` to quiet this message.
Joining with `by = join_by(go_id)`
Joining with `by = join_by(go_id)`
Rows: 200 Columns: 11
── Column specification ────────────────────────────────────────────────────────
Delimiter: "\t"
chr (7): ID, Description, GeneRatio, BgRatio, geneID, ont, cluster
dbl (4): pvalue, p.adjust, qvalue, Count

ℹ Use `spec()` to retrieve the full column specification for this data.
ℹ Specify the column types or set `show_col_types = FALSE` to quiet this message.
Joining with `by = join_by(go_id)`
Joining with `by = join_by(go_id)`
[[1]]
[1] "/n/projects/ejr/aai/repos/SnailEyeRegeneration/sequential-reference/03_go/figures/select_GO_noid_lfc0-seq-ref.pdf"

[[2]]
[1] "/n/projects/ejr/aai/repos/SnailEyeRegeneration/sequential-reference/03_go/figures/select_GO_noid_lfc1-seq-ref.pdf"

[[3]]
[1] "/n/projects/ejr/aai/repos/SnailEyeRegeneration/sequential-reference/03_go/figures/select_GO_noid_lfc2-seq-ref.pdf"


Attaching package: ‘dplyr’

The following objects are masked from ‘package:stats’:

    filter, lag

The following objects are masked from ‘package:base’:

    intersect, setdiff, setequal, union

here() starts at /n/projects/ejr/aai/repos/SnailEyeRegeneration
Error in `map()`:
ℹ In index: 1.
Caused by error in `file()`:
! cannot open the connection
Backtrace:
     ▆
  1. ├─purrr::map(...)
  2. │ └─purrr:::map_("list", .x, .f, ..., .progress = .progress)
  3. │   ├─purrr:::with_indexed_errors(...)
  4. │   │ └─base::withCallingHandlers(...)
  5. │   ├─purrr:::call_with_cleanup(...)
  6. │   └─global .f(.x[[i]], ...)
  7. │     └─utils::write.table(...)
  8. │       └─base::file(file, ifelse(append, "a", "w"))
  9. └─base::.handleSimpleError(...)
 10.   └─purrr (local) h(simpleError(msg, call))
 11.     └─cli::cli_abort(...)
 12.       └─rlang::abort(...)
Warning message:
In file(file, ifelse(append, "a", "w")) :
  cannot open file '/n/projects/ejr/aai/repos/SnailEyeRegeneration/sequential-reference/04_go-figure/input/go-breakdown_de-up-go_s_3dpa-s_1dpa-seq-ref_lfc0.txt.gz': No such file or directory
Execution halted
here() starts at /n/projects/ejr/aai/repos/SnailEyeRegeneration

Attaching package: ‘dplyr’

The following objects are masked from ‘package:stats’:

    filter, lag

The following objects are masked from ‘package:base’:

    intersect, setdiff, setequal, union

here() starts at /n/projects/ejr/aai/repos/SnailEyeRegeneration
Error in `pmap()`:
ℹ In index: 1.
Caused by error in `purrr::map()`:
ℹ In index: 1.
Caused by error:
! '/n/projects/ejr/aai/repos/SnailEyeRegeneration/intact-reference/03_go/output/go-breakdown_lfc0.txt' does not exist.
Backtrace:
     ▆
  1. ├─purrr::pmap(...)
  2. │ └─purrr:::pmap_("list", .l, .f, ..., .progress = .progress)
  3. │   ├─purrr:::with_indexed_errors(...)
  4. │   │ └─base::withCallingHandlers(...)
  5. │   ├─purrr:::call_with_cleanup(...)
  6. │   └─global .f(.l[[1L]][[i]], .l[[2L]][[i]], ...)
  7. │     └─purrr::map(...)
  8. │       └─purrr:::map_("list", .x, .f, ..., .progress = .progress)
  9. │         ├─purrr:::with_indexed_errors(...)
 10. │         │ └─base::withCallingHandlers(...)
 11. │         ├─purrr:::call_with_cleanup(...)
 12. │         └─.f(.x[[i]], ...)
 13. │           ├─... %>% ...
 14. │           └─readr::read_tsv(...)
 15. │             └─vroom::vroom(...)
 16. │               └─vroom:::vroom_(...)
 17. ├─dplyr::filter(., cluster == "de-up-go_s_1dpa-s_intact-intact-ref_lfc0.txt")
 18. ├─vroom (local) `<fn>`("/n/projects/ejr/aai/repos/SnailEyeRegeneration/intact-reference/03_go/output/go-breakdown_lfc0.txt")
 19. │ └─vroom:::check_path(path)
 20. │   └─base::stop(...)
 21. └─base::.handleSimpleError(...)
 22.   └─purrr (local) h(simpleError(msg, call))
 23.     └─cli::cli_abort(...)
 24.       └─rlang::abort(...)
Execution halted

Attaching package: ‘dplyr’

The following objects are masked from ‘package:stats’:

    filter, lag

The following objects are masked from ‘package:base’:

    intersect, setdiff, setequal, union


Attaching package: ‘cowplot’

The following object is masked from ‘package:ggpubr’:

    get_legend

here() starts at /n/projects/ejr/aai/repos/SnailEyeRegeneration
Error in `map()`:
ℹ In index: 1.
Caused by error:
! '/n/projects/ejr/aai/repos/SnailEyeRegeneration/1dpa-reference/03_go/output/go-breakdown_lfc0.txt' does not exist.
Backtrace:
     ▆
  1. ├─purrr::map(...)
  2. │ └─purrr:::map_("list", .x, .f, ..., .progress = .progress)
  3. │   ├─purrr:::with_indexed_errors(...)
  4. │   │ └─base::withCallingHandlers(...)
  5. │   ├─purrr:::call_with_cleanup(...)
  6. │   └─global .f(.x[[i]], ...)
  7. │     └─readr::read_tsv(here(paste0(x, "-reference/03_go/output/go-breakdown_lfc0.txt")))
  8. │       └─vroom::vroom(...)
  9. │         └─vroom:::vroom_(...)
 10. ├─vroom (local) `<fn>`("/n/projects/ejr/aai/repos/SnailEyeRegeneration/1dpa-reference/03_go/output/go-breakdown_lfc0.txt")
 11. │ └─vroom:::check_path(path)
 12. │   └─base::stop(...)
 13. └─base::.handleSimpleError(...)
 14.   └─purrr (local) h(simpleError(msg, call))
 15.     └─cli::cli_abort(...)
 16.       └─rlang::abort(...)
Execution halted
