Loading required package: limma

Attaching package: ‘dplyr’

The following objects are masked from ‘package:stats’:

    filter, lag

The following objects are masked from ‘package:base’:

    intersect, setdiff, setequal, union

corrplot 0.92 loaded
here() starts at /n/projects/ejr/aai/repos/SnailEyeReg_RNASeq-pipeline
Warning message:
package ‘here’ was built under R version 4.2.3 
null device 
          1 
Using classic mode.
null device 
          1 
Rows: 23864 Columns: 2
── Column specification ────────────────────────────────────────────────────────
Delimiter: "\t"
chr (2): gene_id, description

ℹ Use `spec()` to retrieve the full column specification for this data.
ℹ Specify the column types or set `show_col_types = FALSE` to quiet this message.
Selecting by Mean
pdf 
  2 
Warning messages:
1: Removed 3 rows containing missing values (`geom_point()`). 
2: Removed 28 rows containing missing values (`geom_text_repel()`). 
Warning message:
Removed 3 rows containing missing values (`geom_point()`). 
Rows: 2178 Columns: 5
── Column specification ────────────────────────────────────────────────────────
Delimiter: ","
chr (1): gene_id
dbl (4): logFC, logCPM, PValue, FDR

ℹ Use `spec()` to retrieve the full column specification for this data.
ℹ Specify the column types or set `show_col_types = FALSE` to quiet this message.
Rows: 3461 Columns: 5
── Column specification ────────────────────────────────────────────────────────
Delimiter: ","
chr (1): gene_id
dbl (4): logFC, logCPM, PValue, FDR

ℹ Use `spec()` to retrieve the full column specification for this data.
ℹ Specify the column types or set `show_col_types = FALSE` to quiet this message.
Rows: 3816 Columns: 5
── Column specification ────────────────────────────────────────────────────────
Delimiter: ","
chr (1): gene_id
dbl (4): logFC, logCPM, PValue, FDR

ℹ Use `spec()` to retrieve the full column specification for this data.
ℹ Specify the column types or set `show_col_types = FALSE` to quiet this message.
Rows: 3472 Columns: 5
── Column specification ────────────────────────────────────────────────────────
Delimiter: ","
chr (1): gene_id
dbl (4): logFC, logCPM, PValue, FDR

ℹ Use `spec()` to retrieve the full column specification for this data.
ℹ Specify the column types or set `show_col_types = FALSE` to quiet this message.
Rows: 4102 Columns: 5
── Column specification ────────────────────────────────────────────────────────
Delimiter: ","
chr (1): gene_id
dbl (4): logFC, logCPM, PValue, FDR

ℹ Use `spec()` to retrieve the full column specification for this data.
ℹ Specify the column types or set `show_col_types = FALSE` to quiet this message.
Rows: 4327 Columns: 5
── Column specification ────────────────────────────────────────────────────────
Delimiter: ","
chr (1): gene_id
dbl (4): logFC, logCPM, PValue, FDR

ℹ Use `spec()` to retrieve the full column specification for this data.
ℹ Specify the column types or set `show_col_types = FALSE` to quiet this message.
Rows: 4328 Columns: 5
── Column specification ────────────────────────────────────────────────────────
Delimiter: ","
chr (1): gene_id
dbl (4): logFC, logCPM, PValue, FDR

ℹ Use `spec()` to retrieve the full column specification for this data.
ℹ Specify the column types or set `show_col_types = FALSE` to quiet this message.
Rows: 4551 Columns: 5
── Column specification ────────────────────────────────────────────────────────
Delimiter: ","
chr (1): gene_id
dbl (4): logFC, logCPM, PValue, FDR

ℹ Use `spec()` to retrieve the full column specification for this data.
ℹ Specify the column types or set `show_col_types = FALSE` to quiet this message.
Rows: 1327 Columns: 5
── Column specification ────────────────────────────────────────────────────────
Delimiter: ","
chr (1): gene_id
dbl (4): logFC, logCPM, PValue, FDR

ℹ Use `spec()` to retrieve the full column specification for this data.
ℹ Specify the column types or set `show_col_types = FALSE` to quiet this message.
Rows: 2587 Columns: 5
── Column specification ────────────────────────────────────────────────────────
Delimiter: ","
chr (1): gene_id
dbl (4): logFC, logCPM, PValue, FDR

ℹ Use `spec()` to retrieve the full column specification for this data.
ℹ Specify the column types or set `show_col_types = FALSE` to quiet this message.
Rows: 3080 Columns: 5
── Column specification ────────────────────────────────────────────────────────
Delimiter: ","
chr (1): gene_id
dbl (4): logFC, logCPM, PValue, FDR

ℹ Use `spec()` to retrieve the full column specification for this data.
ℹ Specify the column types or set `show_col_types = FALSE` to quiet this message.
Rows: 2768 Columns: 5
── Column specification ────────────────────────────────────────────────────────
Delimiter: ","
chr (1): gene_id
dbl (4): logFC, logCPM, PValue, FDR

ℹ Use `spec()` to retrieve the full column specification for this data.
ℹ Specify the column types or set `show_col_types = FALSE` to quiet this message.
Rows: 3391 Columns: 5
── Column specification ────────────────────────────────────────────────────────
Delimiter: ","
chr (1): gene_id
dbl (4): logFC, logCPM, PValue, FDR

ℹ Use `spec()` to retrieve the full column specification for this data.
ℹ Specify the column types or set `show_col_types = FALSE` to quiet this message.
Rows: 3661 Columns: 5
── Column specification ────────────────────────────────────────────────────────
Delimiter: ","
chr (1): gene_id
dbl (4): logFC, logCPM, PValue, FDR

ℹ Use `spec()` to retrieve the full column specification for this data.
ℹ Specify the column types or set `show_col_types = FALSE` to quiet this message.
Rows: 3673 Columns: 5
── Column specification ────────────────────────────────────────────────────────
Delimiter: ","
chr (1): gene_id
dbl (4): logFC, logCPM, PValue, FDR

ℹ Use `spec()` to retrieve the full column specification for this data.
ℹ Specify the column types or set `show_col_types = FALSE` to quiet this message.
Rows: 3702 Columns: 5
── Column specification ────────────────────────────────────────────────────────
Delimiter: ","
chr (1): gene_id
dbl (4): logFC, logCPM, PValue, FDR

ℹ Use `spec()` to retrieve the full column specification for this data.
ℹ Specify the column types or set `show_col_types = FALSE` to quiet this message.
Rows: 303 Columns: 5
── Column specification ────────────────────────────────────────────────────────
Delimiter: ","
chr (1): gene_id
dbl (4): logFC, logCPM, PValue, FDR

ℹ Use `spec()` to retrieve the full column specification for this data.
ℹ Specify the column types or set `show_col_types = FALSE` to quiet this message.
Rows: 1075 Columns: 5
── Column specification ────────────────────────────────────────────────────────
Delimiter: ","
chr (1): gene_id
dbl (4): logFC, logCPM, PValue, FDR

ℹ Use `spec()` to retrieve the full column specification for this data.
ℹ Specify the column types or set `show_col_types = FALSE` to quiet this message.
Rows: 1543 Columns: 5
── Column specification ────────────────────────────────────────────────────────
Delimiter: ","
chr (1): gene_id
dbl (4): logFC, logCPM, PValue, FDR

ℹ Use `spec()` to retrieve the full column specification for this data.
ℹ Specify the column types or set `show_col_types = FALSE` to quiet this message.
Rows: 1382 Columns: 5
── Column specification ────────────────────────────────────────────────────────
Delimiter: ","
chr (1): gene_id
dbl (4): logFC, logCPM, PValue, FDR

ℹ Use `spec()` to retrieve the full column specification for this data.
ℹ Specify the column types or set `show_col_types = FALSE` to quiet this message.
Rows: 1893 Columns: 5
── Column specification ────────────────────────────────────────────────────────
Delimiter: ","
chr (1): gene_id
dbl (4): logFC, logCPM, PValue, FDR

ℹ Use `spec()` to retrieve the full column specification for this data.
ℹ Specify the column types or set `show_col_types = FALSE` to quiet this message.
Rows: 2170 Columns: 5
── Column specification ────────────────────────────────────────────────────────
Delimiter: ","
chr (1): gene_id
dbl (4): logFC, logCPM, PValue, FDR

ℹ Use `spec()` to retrieve the full column specification for this data.
ℹ Specify the column types or set `show_col_types = FALSE` to quiet this message.
Rows: 2224 Columns: 5
── Column specification ────────────────────────────────────────────────────────
Delimiter: ","
chr (1): gene_id
dbl (4): logFC, logCPM, PValue, FDR

ℹ Use `spec()` to retrieve the full column specification for this data.
ℹ Specify the column types or set `show_col_types = FALSE` to quiet this message.
Rows: 2326 Columns: 5
── Column specification ────────────────────────────────────────────────────────
Delimiter: ","
chr (1): gene_id
dbl (4): logFC, logCPM, PValue, FDR

ℹ Use `spec()` to retrieve the full column specification for this data.
ℹ Specify the column types or set `show_col_types = FALSE` to quiet this message.

Attaching package: ‘dplyr’

The following objects are masked from ‘package:stats’:

    filter, lag

The following objects are masked from ‘package:base’:

    intersect, setdiff, setequal, union

here() starts at /n/projects/ejr/aai/repos/SnailEyeReg_RNASeq-pipeline
Warning message:
package ‘here’ was built under R version 4.2.3 
Rows: 17431 Columns: 5
── Column specification ────────────────────────────────────────────────────────
Delimiter: ","
chr (1): gene_id
dbl (4): logFC, logCPM, PValue, FDR

ℹ Use `spec()` to retrieve the full column specification for this data.
ℹ Specify the column types or set `show_col_types = FALSE` to quiet this message.
Rows: 17431 Columns: 5
── Column specification ────────────────────────────────────────────────────────
Delimiter: ","
chr (1): gene_id
dbl (4): logFC, logCPM, PValue, FDR

ℹ Use `spec()` to retrieve the full column specification for this data.
ℹ Specify the column types or set `show_col_types = FALSE` to quiet this message.
Rows: 17431 Columns: 5
── Column specification ────────────────────────────────────────────────────────
Delimiter: ","
chr (1): gene_id
dbl (4): logFC, logCPM, PValue, FDR

ℹ Use `spec()` to retrieve the full column specification for this data.
ℹ Specify the column types or set `show_col_types = FALSE` to quiet this message.
Rows: 17431 Columns: 5
── Column specification ────────────────────────────────────────────────────────
Delimiter: ","
chr (1): gene_id
dbl (4): logFC, logCPM, PValue, FDR

ℹ Use `spec()` to retrieve the full column specification for this data.
ℹ Specify the column types or set `show_col_types = FALSE` to quiet this message.
Rows: 17431 Columns: 5
── Column specification ────────────────────────────────────────────────────────
Delimiter: ","
chr (1): gene_id
dbl (4): logFC, logCPM, PValue, FDR

ℹ Use `spec()` to retrieve the full column specification for this data.
ℹ Specify the column types or set `show_col_types = FALSE` to quiet this message.
Rows: 17431 Columns: 5
── Column specification ────────────────────────────────────────────────────────
Delimiter: ","
chr (1): gene_id
dbl (4): logFC, logCPM, PValue, FDR

ℹ Use `spec()` to retrieve the full column specification for this data.
ℹ Specify the column types or set `show_col_types = FALSE` to quiet this message.
Rows: 17431 Columns: 5
── Column specification ────────────────────────────────────────────────────────
Delimiter: ","
chr (1): gene_id
dbl (4): logFC, logCPM, PValue, FDR

ℹ Use `spec()` to retrieve the full column specification for this data.
ℹ Specify the column types or set `show_col_types = FALSE` to quiet this message.
Rows: 17431 Columns: 5
── Column specification ────────────────────────────────────────────────────────
Delimiter: ","
chr (1): gene_id
dbl (4): logFC, logCPM, PValue, FDR

ℹ Use `spec()` to retrieve the full column specification for this data.
ℹ Specify the column types or set `show_col_types = FALSE` to quiet this message.

Attaching package: ‘dplyr’

The following objects are masked from ‘package:stats’:

    filter, lag

The following objects are masked from ‘package:base’:

    intersect, setdiff, setequal, union

here() starts at /n/projects/ejr/aai/repos/SnailEyeReg_RNASeq-pipeline
Warning message:
package ‘here’ was built under R version 4.2.3 
Rows: 17431 Columns: 5
── Column specification ────────────────────────────────────────────────────────
Delimiter: ","
chr (1): gene_id
dbl (4): logFC, logCPM, PValue, FDR

ℹ Use `spec()` to retrieve the full column specification for this data.
ℹ Specify the column types or set `show_col_types = FALSE` to quiet this message.
Rows: 17431 Columns: 5
── Column specification ────────────────────────────────────────────────────────
Delimiter: ","
chr (1): gene_id
dbl (4): logFC, logCPM, PValue, FDR

ℹ Use `spec()` to retrieve the full column specification for this data.
ℹ Specify the column types or set `show_col_types = FALSE` to quiet this message.
Rows: 17431 Columns: 5
── Column specification ────────────────────────────────────────────────────────
Delimiter: ","
chr (1): gene_id
dbl (4): logFC, logCPM, PValue, FDR

ℹ Use `spec()` to retrieve the full column specification for this data.
ℹ Specify the column types or set `show_col_types = FALSE` to quiet this message.
Rows: 17431 Columns: 5
── Column specification ────────────────────────────────────────────────────────
Delimiter: ","
chr (1): gene_id
dbl (4): logFC, logCPM, PValue, FDR

ℹ Use `spec()` to retrieve the full column specification for this data.
ℹ Specify the column types or set `show_col_types = FALSE` to quiet this message.
Rows: 17431 Columns: 5
── Column specification ────────────────────────────────────────────────────────
Delimiter: ","
chr (1): gene_id
dbl (4): logFC, logCPM, PValue, FDR

ℹ Use `spec()` to retrieve the full column specification for this data.
ℹ Specify the column types or set `show_col_types = FALSE` to quiet this message.
Rows: 17431 Columns: 5
── Column specification ────────────────────────────────────────────────────────
Delimiter: ","
chr (1): gene_id
dbl (4): logFC, logCPM, PValue, FDR

ℹ Use `spec()` to retrieve the full column specification for this data.
ℹ Specify the column types or set `show_col_types = FALSE` to quiet this message.
Rows: 17431 Columns: 5
── Column specification ────────────────────────────────────────────────────────
Delimiter: ","
chr (1): gene_id
dbl (4): logFC, logCPM, PValue, FDR

ℹ Use `spec()` to retrieve the full column specification for this data.
ℹ Specify the column types or set `show_col_types = FALSE` to quiet this message.
Rows: 17431 Columns: 5
── Column specification ────────────────────────────────────────────────────────
Delimiter: ","
chr (1): gene_id
dbl (4): logFC, logCPM, PValue, FDR

ℹ Use `spec()` to retrieve the full column specification for this data.
ℹ Specify the column types or set `show_col_types = FALSE` to quiet this message.

Attaching package: ‘dplyr’

The following objects are masked from ‘package:stats’:

    filter, lag

The following objects are masked from ‘package:base’:

    intersect, setdiff, setequal, union

here() starts at /n/projects/ejr/aai/repos/SnailEyeReg_RNASeq-pipeline
Warning message:
package ‘here’ was built under R version 4.2.3 
── Attaching core tidyverse packages ──────────────────────── tidyverse 2.0.0 ──
✔ forcats   0.5.2     ✔ readr     2.1.3
✔ lubridate 1.9.2     ✔ tibble    3.1.8
── Conflicts ────────────────────────────────────────── tidyverse_conflicts() ──
✖ dplyr::filter()    masks stats::filter()
✖ dplyr::lag()       masks stats::lag()
✖ lubridate::stamp() masks cowplot::stamp()
ℹ Use the conflicted package (<http://conflicted.r-lib.org/>) to force all conflicts to become errors
Warning messages:
1: package ‘tidyverse’ was built under R version 4.2.3 
2: package ‘lubridate’ was built under R version 4.2.3 
Error in read_csv(here("02_processed-data/tpm-mean.csv.gz"), header = TRUE) : 
  unused argument (header = TRUE)
Execution halted
here() starts at /n/projects/ejr/aai/repos/SnailEyeReg_RNASeq-pipeline
Warning message:
package ‘here’ was built under R version 4.2.3 
── Attaching core tidyverse packages ──────────────────────── tidyverse 2.0.0 ──
✔ dplyr     1.0.10     ✔ readr     2.1.3 
✔ forcats   0.5.2      ✔ stringr   1.5.0 
✔ ggplot2   3.4.0      ✔ tibble    3.1.8 
✔ lubridate 1.9.2      ✔ tidyr     1.2.1 
✔ purrr     1.0.1      
── Conflicts ────────────────────────────────────────── tidyverse_conflicts() ──
✖ dplyr::filter() masks stats::filter()
✖ dplyr::lag()    masks stats::lag()
ℹ Use the conflicted package (<http://conflicted.r-lib.org/>) to force all conflicts to become errors
Warning messages:
1: package ‘tidyverse’ was built under R version 4.2.3 
2: package ‘lubridate’ was built under R version 4.2.3 

clusterProfiler v4.6.0  For help: https://yulab-smu.top/biomedical-knowledge-mining-book/

If you use clusterProfiler in published research, please cite:
T Wu, E Hu, S Xu, M Chen, P Guo, Z Dai, T Feng, L Zhou, W Tang, L Zhan, X Fu, S Liu, X Bo, and G Yu. clusterProfiler 4.0: A universal enrichment tool for interpreting omics data. The Innovation. 2021, 2(3):100141

Attaching package: ‘clusterProfiler’

The following object is masked from ‘package:purrr’:

    simplify

The following object is masked from ‘package:stats’:

    filter

GOSemSim v2.24.0  For help: https://yulab-smu.top/biomedical-knowledge-mining-book/

If you use GOSemSim in published research, please cite:
[36m-[39m Guangchuang Yu. Gene Ontology Semantic Similarity Analysis Using GOSemSim. In: Kidder B. (eds) Stem Cell Transcriptional Networks. Methods in Molecular Biology, 2020, 2117:207-215. Humana, New York, NY. doi:10.1007/978-1-0716-0301-7_11
[36m-[39m Guangchuang Yu, Fei Li, Yide Qin, Xiaochen Bo, Yibo Wu, Shengqi Wang. GOSemSim: an R package for measuring semantic similarity among GO terms and gene products Bioinformatics 2010, 26(7):976-978. doi:10.1093/bioinformatics/btq064



Attaching package: ‘cowplot’

The following object is masked from ‘package:lubridate’:

    stamp

Loading required package: AnnotationDbi
Loading required package: stats4
Loading required package: BiocGenerics

Attaching package: ‘BiocGenerics’

The following objects are masked from ‘package:lubridate’:

    intersect, setdiff, union

The following objects are masked from ‘package:dplyr’:

    combine, intersect, setdiff, union

The following objects are masked from ‘package:stats’:

    IQR, mad, sd, var, xtabs

The following objects are masked from ‘package:base’:

    anyDuplicated, aperm, append, as.data.frame, basename, cbind,
    colnames, dirname, do.call, duplicated, eval, evalq, Filter, Find,
    get, grep, grepl, intersect, is.unsorted, lapply, Map, mapply,
    match, mget, order, paste, pmax, pmax.int, pmin, pmin.int,
    Position, rank, rbind, Reduce, rownames, sapply, setdiff, sort,
    table, tapply, union, unique, unsplit, which.max, which.min

Loading required package: Biobase
Welcome to Bioconductor

    Vignettes contain introductory material; view with
    'browseVignettes()'. To cite Bioconductor, see
    'citation("Biobase")', and for packages 'citation("pkgname")'.

Loading required package: IRanges
Loading required package: S4Vectors

Attaching package: ‘S4Vectors’

The following object is masked from ‘package:clusterProfiler’:

    rename

The following objects are masked from ‘package:lubridate’:

    second, second<-

The following objects are masked from ‘package:dplyr’:

    first, rename

The following object is masked from ‘package:tidyr’:

    expand

The following objects are masked from ‘package:base’:

    expand.grid, I, unname


Attaching package: ‘IRanges’

The following object is masked from ‘package:clusterProfiler’:

    slice

The following object is masked from ‘package:lubridate’:

    %within%

The following objects are masked from ‘package:dplyr’:

    collapse, desc, slice

The following object is masked from ‘package:purrr’:

    reduce


Attaching package: ‘AnnotationDbi’

The following object is masked from ‘package:clusterProfiler’:

    select

The following object is masked from ‘package:dplyr’:

    select


here() starts at /n/projects/ejr/aai/repos/SnailEyeReg_RNASeq-pipeline
Warning message:
package ‘here’ was built under R version 4.2.3 
Rows: 2178 Columns: 1
── Column specification ────────────────────────────────────────────────────────
Delimiter: "\t"
chr (1): gene_id

ℹ Use `spec()` to retrieve the full column specification for this data.
ℹ Specify the column types or set `show_col_types = FALSE` to quiet this message.
[1] "de-up-go_s_3dpa-s_1dpa-1dpa-ref_lfc0.txt.gz_MF"
[1] "de-up-go_s_3dpa-s_1dpa-1dpa-ref_lfc0.txt.gz_CC"
[1] "de-up-go_s_3dpa-s_1dpa-1dpa-ref_lfc0.txt.gz_BP"
Rows: 3461 Columns: 1
── Column specification ────────────────────────────────────────────────────────
Delimiter: "\t"
chr (1): gene_id

ℹ Use `spec()` to retrieve the full column specification for this data.
ℹ Specify the column types or set `show_col_types = FALSE` to quiet this message.
[1] "de-up-go_s_6dpa-s_1dpa-1dpa-ref_lfc0.txt.gz_MF"
[1] "de-up-go_s_6dpa-s_1dpa-1dpa-ref_lfc0.txt.gz_CC"
[1] "de-up-go_s_6dpa-s_1dpa-1dpa-ref_lfc0.txt.gz_BP"
Rows: 3816 Columns: 1
── Column specification ────────────────────────────────────────────────────────
Delimiter: "\t"
chr (1): gene_id

ℹ Use `spec()` to retrieve the full column specification for this data.
ℹ Specify the column types or set `show_col_types = FALSE` to quiet this message.
[1] "de-up-go_s_9dpa-s_1dpa-1dpa-ref_lfc0.txt.gz_MF"
[1] "de-up-go_s_9dpa-s_1dpa-1dpa-ref_lfc0.txt.gz_CC"
[1] "de-up-go_s_9dpa-s_1dpa-1dpa-ref_lfc0.txt.gz_BP"
Rows: 3472 Columns: 1
── Column specification ────────────────────────────────────────────────────────
Delimiter: "\t"
chr (1): gene_id

ℹ Use `spec()` to retrieve the full column specification for this data.
ℹ Specify the column types or set `show_col_types = FALSE` to quiet this message.
[1] "de-up-go_s_12dpa-s_1dpa-1dpa-ref_lfc0.txt.gz_MF"
[1] "de-up-go_s_12dpa-s_1dpa-1dpa-ref_lfc0.txt.gz_CC"
[1] "de-up-go_s_12dpa-s_1dpa-1dpa-ref_lfc0.txt.gz_BP"
Rows: 4102 Columns: 1
── Column specification ────────────────────────────────────────────────────────
Delimiter: "\t"
chr (1): gene_id

ℹ Use `spec()` to retrieve the full column specification for this data.
ℹ Specify the column types or set `show_col_types = FALSE` to quiet this message.
[1] "de-up-go_s_15dpa-s_1dpa-1dpa-ref_lfc0.txt.gz_MF"
[1] "de-up-go_s_15dpa-s_1dpa-1dpa-ref_lfc0.txt.gz_CC"
[1] "de-up-go_s_15dpa-s_1dpa-1dpa-ref_lfc0.txt.gz_BP"
Rows: 4327 Columns: 1
── Column specification ────────────────────────────────────────────────────────
Delimiter: "\t"
chr (1): gene_id

ℹ Use `spec()` to retrieve the full column specification for this data.
ℹ Specify the column types or set `show_col_types = FALSE` to quiet this message.
[1] "de-up-go_s_21dpa-s_1dpa-1dpa-ref_lfc0.txt.gz_MF"
[1] "de-up-go_s_21dpa-s_1dpa-1dpa-ref_lfc0.txt.gz_CC"
[1] "de-up-go_s_21dpa-s_1dpa-1dpa-ref_lfc0.txt.gz_BP"
Rows: 4328 Columns: 1
── Column specification ────────────────────────────────────────────────────────
Delimiter: "\t"
chr (1): gene_id

ℹ Use `spec()` to retrieve the full column specification for this data.
ℹ Specify the column types or set `show_col_types = FALSE` to quiet this message.
[1] "de-up-go_s_28dpa-s_1dpa-1dpa-ref_lfc0.txt.gz_MF"
[1] "de-up-go_s_28dpa-s_1dpa-1dpa-ref_lfc0.txt.gz_CC"
[1] "de-up-go_s_28dpa-s_1dpa-1dpa-ref_lfc0.txt.gz_BP"
Rows: 4551 Columns: 1
── Column specification ────────────────────────────────────────────────────────
Delimiter: "\t"
chr (1): gene_id

ℹ Use `spec()` to retrieve the full column specification for this data.
ℹ Specify the column types or set `show_col_types = FALSE` to quiet this message.
[1] "de-up-go_s_intact-s_1dpa-1dpa-ref_lfc0.txt.gz_MF"
[1] "de-up-go_s_intact-s_1dpa-1dpa-ref_lfc0.txt.gz_CC"
[1] "de-up-go_s_intact-s_1dpa-1dpa-ref_lfc0.txt.gz_BP"
Rows: 1327 Columns: 1
── Column specification ────────────────────────────────────────────────────────
Delimiter: "\t"
chr (1): gene_id

ℹ Use `spec()` to retrieve the full column specification for this data.
ℹ Specify the column types or set `show_col_types = FALSE` to quiet this message.
[1] "de-up-go_s_3dpa-s_1dpa-1dpa-ref_lfc1.txt.gz_MF"
[1] "de-up-go_s_3dpa-s_1dpa-1dpa-ref_lfc1.txt.gz_CC"
[1] "de-up-go_s_3dpa-s_1dpa-1dpa-ref_lfc1.txt.gz_BP"
Rows: 2587 Columns: 1
── Column specification ────────────────────────────────────────────────────────
Delimiter: "\t"
chr (1): gene_id

ℹ Use `spec()` to retrieve the full column specification for this data.
ℹ Specify the column types or set `show_col_types = FALSE` to quiet this message.
[1] "de-up-go_s_6dpa-s_1dpa-1dpa-ref_lfc1.txt.gz_MF"
[1] "de-up-go_s_6dpa-s_1dpa-1dpa-ref_lfc1.txt.gz_CC"
[1] "de-up-go_s_6dpa-s_1dpa-1dpa-ref_lfc1.txt.gz_BP"
Rows: 3080 Columns: 1
── Column specification ────────────────────────────────────────────────────────
Delimiter: "\t"
chr (1): gene_id

ℹ Use `spec()` to retrieve the full column specification for this data.
ℹ Specify the column types or set `show_col_types = FALSE` to quiet this message.
[1] "de-up-go_s_9dpa-s_1dpa-1dpa-ref_lfc1.txt.gz_MF"
[1] "de-up-go_s_9dpa-s_1dpa-1dpa-ref_lfc1.txt.gz_CC"
[1] "de-up-go_s_9dpa-s_1dpa-1dpa-ref_lfc1.txt.gz_BP"
Rows: 2768 Columns: 1
── Column specification ────────────────────────────────────────────────────────
Delimiter: "\t"
chr (1): gene_id

ℹ Use `spec()` to retrieve the full column specification for this data.
ℹ Specify the column types or set `show_col_types = FALSE` to quiet this message.
[1] "de-up-go_s_12dpa-s_1dpa-1dpa-ref_lfc1.txt.gz_MF"
[1] "de-up-go_s_12dpa-s_1dpa-1dpa-ref_lfc1.txt.gz_CC"
[1] "de-up-go_s_12dpa-s_1dpa-1dpa-ref_lfc1.txt.gz_BP"
Rows: 3391 Columns: 1
── Column specification ────────────────────────────────────────────────────────
Delimiter: "\t"
chr (1): gene_id

ℹ Use `spec()` to retrieve the full column specification for this data.
ℹ Specify the column types or set `show_col_types = FALSE` to quiet this message.
[1] "de-up-go_s_15dpa-s_1dpa-1dpa-ref_lfc1.txt.gz_MF"
[1] "de-up-go_s_15dpa-s_1dpa-1dpa-ref_lfc1.txt.gz_CC"
[1] "de-up-go_s_15dpa-s_1dpa-1dpa-ref_lfc1.txt.gz_BP"
Rows: 3661 Columns: 1
── Column specification ────────────────────────────────────────────────────────
Delimiter: "\t"
chr (1): gene_id

ℹ Use `spec()` to retrieve the full column specification for this data.
ℹ Specify the column types or set `show_col_types = FALSE` to quiet this message.
[1] "de-up-go_s_21dpa-s_1dpa-1dpa-ref_lfc1.txt.gz_MF"
[1] "de-up-go_s_21dpa-s_1dpa-1dpa-ref_lfc1.txt.gz_CC"
[1] "de-up-go_s_21dpa-s_1dpa-1dpa-ref_lfc1.txt.gz_BP"
Rows: 3673 Columns: 1
── Column specification ────────────────────────────────────────────────────────
Delimiter: "\t"
chr (1): gene_id

ℹ Use `spec()` to retrieve the full column specification for this data.
ℹ Specify the column types or set `show_col_types = FALSE` to quiet this message.
[1] "de-up-go_s_28dpa-s_1dpa-1dpa-ref_lfc1.txt.gz_MF"
[1] "de-up-go_s_28dpa-s_1dpa-1dpa-ref_lfc1.txt.gz_CC"
[1] "de-up-go_s_28dpa-s_1dpa-1dpa-ref_lfc1.txt.gz_BP"
Rows: 3702 Columns: 1
── Column specification ────────────────────────────────────────────────────────
Delimiter: "\t"
chr (1): gene_id

ℹ Use `spec()` to retrieve the full column specification for this data.
ℹ Specify the column types or set `show_col_types = FALSE` to quiet this message.
[1] "de-up-go_s_intact-s_1dpa-1dpa-ref_lfc1.txt.gz_MF"
[1] "de-up-go_s_intact-s_1dpa-1dpa-ref_lfc1.txt.gz_CC"
[1] "de-up-go_s_intact-s_1dpa-1dpa-ref_lfc1.txt.gz_BP"
Rows: 303 Columns: 1
── Column specification ────────────────────────────────────────────────────────
Delimiter: "\t"
chr (1): gene_id

ℹ Use `spec()` to retrieve the full column specification for this data.
ℹ Specify the column types or set `show_col_types = FALSE` to quiet this message.
[1] "de-up-go_s_3dpa-s_1dpa-1dpa-ref_lfc2.txt.gz_MF"
[1] "de-up-go_s_3dpa-s_1dpa-1dpa-ref_lfc2.txt.gz_CC"
[1] "de-up-go_s_3dpa-s_1dpa-1dpa-ref_lfc2.txt.gz_BP"
Rows: 1075 Columns: 1
── Column specification ────────────────────────────────────────────────────────
Delimiter: "\t"
chr (1): gene_id

ℹ Use `spec()` to retrieve the full column specification for this data.
ℹ Specify the column types or set `show_col_types = FALSE` to quiet this message.
[1] "de-up-go_s_6dpa-s_1dpa-1dpa-ref_lfc2.txt.gz_MF"
[1] "de-up-go_s_6dpa-s_1dpa-1dpa-ref_lfc2.txt.gz_CC"
[1] "de-up-go_s_6dpa-s_1dpa-1dpa-ref_lfc2.txt.gz_BP"
Rows: 1543 Columns: 1
── Column specification ────────────────────────────────────────────────────────
Delimiter: "\t"
chr (1): gene_id

ℹ Use `spec()` to retrieve the full column specification for this data.
ℹ Specify the column types or set `show_col_types = FALSE` to quiet this message.
[1] "de-up-go_s_9dpa-s_1dpa-1dpa-ref_lfc2.txt.gz_MF"
[1] "de-up-go_s_9dpa-s_1dpa-1dpa-ref_lfc2.txt.gz_CC"
[1] "de-up-go_s_9dpa-s_1dpa-1dpa-ref_lfc2.txt.gz_BP"
Rows: 1382 Columns: 1
── Column specification ────────────────────────────────────────────────────────
Delimiter: "\t"
chr (1): gene_id

ℹ Use `spec()` to retrieve the full column specification for this data.
ℹ Specify the column types or set `show_col_types = FALSE` to quiet this message.
[1] "de-up-go_s_12dpa-s_1dpa-1dpa-ref_lfc2.txt.gz_MF"
[1] "de-up-go_s_12dpa-s_1dpa-1dpa-ref_lfc2.txt.gz_CC"
[1] "de-up-go_s_12dpa-s_1dpa-1dpa-ref_lfc2.txt.gz_BP"
Rows: 1893 Columns: 1
── Column specification ────────────────────────────────────────────────────────
Delimiter: "\t"
chr (1): gene_id

ℹ Use `spec()` to retrieve the full column specification for this data.
ℹ Specify the column types or set `show_col_types = FALSE` to quiet this message.
[1] "de-up-go_s_15dpa-s_1dpa-1dpa-ref_lfc2.txt.gz_MF"
[1] "de-up-go_s_15dpa-s_1dpa-1dpa-ref_lfc2.txt.gz_CC"
[1] "de-up-go_s_15dpa-s_1dpa-1dpa-ref_lfc2.txt.gz_BP"
Rows: 2170 Columns: 1
── Column specification ────────────────────────────────────────────────────────
Delimiter: "\t"
chr (1): gene_id

ℹ Use `spec()` to retrieve the full column specification for this data.
ℹ Specify the column types or set `show_col_types = FALSE` to quiet this message.
[1] "de-up-go_s_21dpa-s_1dpa-1dpa-ref_lfc2.txt.gz_MF"
[1] "de-up-go_s_21dpa-s_1dpa-1dpa-ref_lfc2.txt.gz_CC"
[1] "de-up-go_s_21dpa-s_1dpa-1dpa-ref_lfc2.txt.gz_BP"
Rows: 2224 Columns: 1
── Column specification ────────────────────────────────────────────────────────
Delimiter: "\t"
chr (1): gene_id

ℹ Use `spec()` to retrieve the full column specification for this data.
ℹ Specify the column types or set `show_col_types = FALSE` to quiet this message.
[1] "de-up-go_s_28dpa-s_1dpa-1dpa-ref_lfc2.txt.gz_MF"
[1] "de-up-go_s_28dpa-s_1dpa-1dpa-ref_lfc2.txt.gz_CC"
[1] "de-up-go_s_28dpa-s_1dpa-1dpa-ref_lfc2.txt.gz_BP"
Rows: 2326 Columns: 1
── Column specification ────────────────────────────────────────────────────────
Delimiter: "\t"
chr (1): gene_id

ℹ Use `spec()` to retrieve the full column specification for this data.
ℹ Specify the column types or set `show_col_types = FALSE` to quiet this message.
[1] "de-up-go_s_intact-s_1dpa-1dpa-ref_lfc2.txt.gz_MF"
[1] "de-up-go_s_intact-s_1dpa-1dpa-ref_lfc2.txt.gz_CC"
[1] "de-up-go_s_intact-s_1dpa-1dpa-ref_lfc2.txt.gz_BP"

Attaching package: ‘dplyr’

The following objects are masked from ‘package:stats’:

    filter, lag

The following objects are masked from ‘package:base’:

    intersect, setdiff, setequal, union

here() starts at /n/projects/ejr/aai/repos/SnailEyeReg_RNASeq-pipeline
Warning message:
package ‘here’ was built under R version 4.2.3 
── Attaching core tidyverse packages ──────────────────────── tidyverse 2.0.0 ──
✔ forcats   0.5.2     ✔ readr     2.1.3
✔ ggplot2   3.4.0     ✔ tibble    3.1.8
✔ lubridate 1.9.2     ✔ tidyr     1.2.1
── Conflicts ────────────────────────────────────────── tidyverse_conflicts() ──
✖ dplyr::filter() masks stats::filter()
✖ dplyr::lag()    masks stats::lag()
ℹ Use the conflicted package (<http://conflicted.r-lib.org/>) to force all conflicts to become errors
Warning messages:
1: package ‘tidyverse’ was built under R version 4.2.3 
2: package ‘lubridate’ was built under R version 4.2.3 
Error in read_tsv(here("1dpa-reference/03_go/output/go-breakdown_lfc0.txt.gz"),  : 
  unused arguments (header = TRUE, comment.char = "")
Execution halted
── Attaching core tidyverse packages ──────────────────────── tidyverse 2.0.0 ──
✔ dplyr     1.0.10     ✔ readr     2.1.3 
✔ forcats   0.5.2      ✔ stringr   1.5.0 
✔ ggplot2   3.4.0      ✔ tibble    3.1.8 
✔ lubridate 1.9.2      ✔ tidyr     1.2.1 
✔ purrr     1.0.1      
── Conflicts ────────────────────────────────────────── tidyverse_conflicts() ──
✖ dplyr::filter() masks stats::filter()
✖ dplyr::lag()    masks stats::lag()
ℹ Use the conflicted package (<http://conflicted.r-lib.org/>) to force all conflicts to become errors
Warning messages:
1: package ‘tidyverse’ was built under R version 4.2.3 
2: package ‘lubridate’ was built under R version 4.2.3 

Attaching package: ‘cowplot’

The following object is masked from ‘package:lubridate’:

    stamp

here() starts at /n/projects/ejr/aai/repos/SnailEyeReg_RNASeq-pipeline
Warning message:
package ‘here’ was built under R version 4.2.3 
Rows: 72 Columns: 2
── Column specification ────────────────────────────────────────────────────────
Delimiter: "\t"
chr (1): go_id
dbl (1): order

ℹ Use `spec()` to retrieve the full column specification for this data.
ℹ Specify the column types or set `show_col_types = FALSE` to quiet this message.
Rows: 4746 Columns: 11
── Column specification ────────────────────────────────────────────────────────
Delimiter: "\t"
chr (7): ID, Description, GeneRatio, BgRatio, geneID, ont, cluster
dbl (4): pvalue, p.adjust, qvalue, Count

ℹ Use `spec()` to retrieve the full column specification for this data.
ℹ Specify the column types or set `show_col_types = FALSE` to quiet this message.
Joining, by = "go_id"
Joining, by = "go_id"
Rows: 4683 Columns: 11
── Column specification ────────────────────────────────────────────────────────
Delimiter: "\t"
chr (7): ID, Description, GeneRatio, BgRatio, geneID, ont, cluster
dbl (4): pvalue, p.adjust, qvalue, Count

ℹ Use `spec()` to retrieve the full column specification for this data.
ℹ Specify the column types or set `show_col_types = FALSE` to quiet this message.
Joining, by = "go_id"
Joining, by = "go_id"
Rows: 2900 Columns: 11
── Column specification ────────────────────────────────────────────────────────
Delimiter: "\t"
chr (7): ID, Description, GeneRatio, BgRatio, geneID, ont, cluster
dbl (4): pvalue, p.adjust, qvalue, Count

ℹ Use `spec()` to retrieve the full column specification for this data.
ℹ Specify the column types or set `show_col_types = FALSE` to quiet this message.
Joining, by = "go_id"
Joining, by = "go_id"
[[1]]
[1] "/n/projects/ejr/aai/repos/SnailEyeReg_RNASeq-pipeline/1dpa-reference/03_go/figures/select_GO_noid_lfc0-1dpa-ref.pdf"

[[2]]
[1] "/n/projects/ejr/aai/repos/SnailEyeReg_RNASeq-pipeline/1dpa-reference/03_go/figures/select_GO_noid_lfc1-1dpa-ref.pdf"

[[3]]
[1] "/n/projects/ejr/aai/repos/SnailEyeReg_RNASeq-pipeline/1dpa-reference/03_go/figures/select_GO_noid_lfc2-1dpa-ref.pdf"


Attaching package: ‘dplyr’

The following objects are masked from ‘package:stats’:

    filter, lag

The following objects are masked from ‘package:base’:

    intersect, setdiff, setequal, union

here() starts at /n/projects/ejr/aai/repos/SnailEyeReg_RNASeq-pipeline
Warning message:
package ‘here’ was built under R version 4.2.3 
── Attaching core tidyverse packages ──────────────────────── tidyverse 2.0.0 ──
✔ forcats   0.5.2     ✔ readr     2.1.3
✔ ggplot2   3.4.0     ✔ tibble    3.1.8
✔ lubridate 1.9.2     
── Conflicts ────────────────────────────────────────── tidyverse_conflicts() ──
✖ dplyr::filter() masks stats::filter()
✖ dplyr::lag()    masks stats::lag()
ℹ Use the conflicted package (<http://conflicted.r-lib.org/>) to force all conflicts to become errors
Warning messages:
1: package ‘tidyverse’ was built under R version 4.2.3 
2: package ‘lubridate’ was built under R version 4.2.3 
Error in read_tsv(here("1dpa-reference/03_go/output/go-breakdown_lfc0.txt.gz"),  : 
  unused arguments (header = TRUE, comment.char = "")
Execution halted
here() starts at /n/projects/ejr/aai/repos/SnailEyeReg_RNASeq-pipeline
Warning message:
package ‘here’ was built under R version 4.2.3 
sh: 1: python: not found
sh: 1: python: not found
sh: 1: python: not found
sh: 1: python: not found
sh: 1: python: not found
sh: 1: python: not found
sh: 1: python: not found
sh: 1: python: not found
Warning messages:
1: In system(cmd) : error in running command
2: In system(cmd) : error in running command
3: In system(cmd) : error in running command
4: In system(cmd) : error in running command
5: In system(cmd) : error in running command
6: In system(cmd) : error in running command
7: In system(cmd) : error in running command
8: In system(cmd) : error in running command
Loading required package: limma

Attaching package: ‘dplyr’

The following objects are masked from ‘package:stats’:

    filter, lag

The following objects are masked from ‘package:base’:

    intersect, setdiff, setequal, union

corrplot 0.92 loaded
here() starts at /n/projects/ejr/aai/repos/SnailEyeReg_RNASeq-pipeline
Warning message:
package ‘here’ was built under R version 4.2.3 
null device 
          1 
Using classic mode.
null device 
          1 
Selecting by Mean
pdf 
  2 
Warning messages:
1: Removed 3 rows containing missing values (`geom_point()`). 
2: Removed 28 rows containing missing values (`geom_text_repel()`). 
Warning message:
Removed 3 rows containing missing values (`geom_point()`). 

Attaching package: ‘dplyr’

The following objects are masked from ‘package:stats’:

    filter, lag

The following objects are masked from ‘package:base’:

    intersect, setdiff, setequal, union

here() starts at /n/projects/ejr/aai/repos/SnailEyeReg_RNASeq-pipeline
Warning message:
package ‘here’ was built under R version 4.2.3 

Attaching package: ‘dplyr’

The following objects are masked from ‘package:stats’:

    filter, lag

The following objects are masked from ‘package:base’:

    intersect, setdiff, setequal, union

here() starts at /n/projects/ejr/aai/repos/SnailEyeReg_RNASeq-pipeline
Warning message:
package ‘here’ was built under R version 4.2.3 

Attaching package: ‘dplyr’

The following objects are masked from ‘package:stats’:

    filter, lag

The following objects are masked from ‘package:base’:

    intersect, setdiff, setequal, union

here() starts at /n/projects/ejr/aai/repos/SnailEyeReg_RNASeq-pipeline
Warning message:
package ‘here’ was built under R version 4.2.3 
[[1]]

[[2]]

[[3]]

null device 
          1 
$`1`

$`2`

$`1`

$`2`

$`1`

$`2`

Error in `map()`:
ℹ In index: 1.
Caused by error in `map()`:
ℹ In index: 1.
Caused by error in `file()`:
! cannot open the connection
Backtrace:
     ▆
  1. ├─purrr::map(...)
  2. │ └─purrr:::map_("list", .x, .f, ..., .progress = .progress)
  3. │   ├─purrr:::with_indexed_errors(...)
  4. │   │ └─base::withCallingHandlers(...)
  5. │   ├─purrr:::call_with_cleanup(...)
  6. │   └─global .f(.x[[i]], ...)
  7. │     └─purrr::map(...)
  8. │       └─purrr:::map_("list", .x, .f, ..., .progress = .progress)
  9. │         ├─purrr:::with_indexed_errors(...)
 10. │         │ └─base::withCallingHandlers(...)
 11. │         ├─purrr:::call_with_cleanup(...)
 12. │         └─.f(.x[[i]], ...)
 13. │           └─utils::read.csv(f)
 14. │             └─utils::read.table(...)
 15. │               └─base::file(file, "rt")
 16. └─base::.handleSimpleError(...)
 17.   └─purrr (local) h(simpleError(msg, call))
 18.     └─cli::cli_abort(...)
 19.       └─rlang::abort(...)
Warning message:
In file(file, "rt") :
  cannot open file '/n/projects/ejr/aai/repos/SnailEyeReg_RNASeq-pipeline/intact-reference/02_dea/tables/de-up_s_1dpa-s_intact-intact-ref_lfc0.csv': No such file or directory
Execution halted
here() starts at /n/projects/ejr/aai/repos/SnailEyeReg_RNASeq-pipeline
Warning message:
package ‘here’ was built under R version 4.2.3 
Error in `map()`:
ℹ In index: 1.
Caused by error in `file()`:
! cannot open the connection
Backtrace:
     ▆
  1. ├─purrr::map(...)
  2. │ └─purrr:::map_("list", .x, .f, ..., .progress = .progress)
  3. │   ├─purrr:::with_indexed_errors(...)
  4. │   │ └─base::withCallingHandlers(...)
  5. │   ├─purrr:::call_with_cleanup(...)
  6. │   └─global .f(.x[[i]], ...)
  7. │     └─utils::read.csv(paste0(path, x))
  8. │       └─utils::read.table(...)
  9. │         └─base::file(file, "rt")
 10. └─base::.handleSimpleError(...)
 11.   └─purrr (local) h(simpleError(msg, call))
 12.     └─cli::cli_abort(...)
 13.       └─rlang::abort(...)
Warning message:
In file(file, "rt") :
  cannot open file '/n/projects/ejr/aai/repos/SnailEyeReg_RNASeq-pipeline/intact-reference/02_dea/tables/de-up_s_1dpa-s_intact-intact-ref_lfc0.csv': No such file or directory
Execution halted
── Attaching core tidyverse packages ──────────────────────── tidyverse 2.0.0 ──
✔ dplyr     1.0.10     ✔ readr     2.1.3 
✔ forcats   0.5.2      ✔ stringr   1.5.0 
✔ ggplot2   3.4.0      ✔ tibble    3.1.8 
✔ lubridate 1.9.2      ✔ tidyr     1.2.1 
✔ purrr     1.0.1      
── Conflicts ────────────────────────────────────────── tidyverse_conflicts() ──
✖ dplyr::filter() masks stats::filter()
✖ dplyr::lag()    masks stats::lag()
ℹ Use the conflicted package (<http://conflicted.r-lib.org/>) to force all conflicts to become errors
Warning messages:
1: package ‘tidyverse’ was built under R version 4.2.3 
2: package ‘lubridate’ was built under R version 4.2.3 

clusterProfiler v4.6.0  For help: https://yulab-smu.top/biomedical-knowledge-mining-book/

If you use clusterProfiler in published research, please cite:
T Wu, E Hu, S Xu, M Chen, P Guo, Z Dai, T Feng, L Zhou, W Tang, L Zhan, X Fu, S Liu, X Bo, and G Yu. clusterProfiler 4.0: A universal enrichment tool for interpreting omics data. The Innovation. 2021, 2(3):100141

Attaching package: ‘clusterProfiler’

The following object is masked from ‘package:purrr’:

    simplify

The following object is masked from ‘package:stats’:

    filter

GOSemSim v2.24.0  For help: https://yulab-smu.top/biomedical-knowledge-mining-book/

If you use GOSemSim in published research, please cite:
[36m-[39m Guangchuang Yu. Gene Ontology Semantic Similarity Analysis Using GOSemSim. In: Kidder B. (eds) Stem Cell Transcriptional Networks. Methods in Molecular Biology, 2020, 2117:207-215. Humana, New York, NY. doi:10.1007/978-1-0716-0301-7_11
[36m-[39m Guangchuang Yu, Fei Li, Yide Qin, Xiaochen Bo, Yibo Wu, Shengqi Wang. GOSemSim: an R package for measuring semantic similarity among GO terms and gene products Bioinformatics 2010, 26(7):976-978. doi:10.1093/bioinformatics/btq064



Attaching package: ‘cowplot’

The following object is masked from ‘package:lubridate’:

    stamp

Loading required package: AnnotationDbi
Loading required package: stats4
Loading required package: BiocGenerics

Attaching package: ‘BiocGenerics’

The following objects are masked from ‘package:lubridate’:

    intersect, setdiff, union

The following objects are masked from ‘package:dplyr’:

    combine, intersect, setdiff, union

The following objects are masked from ‘package:stats’:

    IQR, mad, sd, var, xtabs

The following objects are masked from ‘package:base’:

    anyDuplicated, aperm, append, as.data.frame, basename, cbind,
    colnames, dirname, do.call, duplicated, eval, evalq, Filter, Find,
    get, grep, grepl, intersect, is.unsorted, lapply, Map, mapply,
    match, mget, order, paste, pmax, pmax.int, pmin, pmin.int,
    Position, rank, rbind, Reduce, rownames, sapply, setdiff, sort,
    table, tapply, union, unique, unsplit, which.max, which.min

Loading required package: Biobase
Welcome to Bioconductor

    Vignettes contain introductory material; view with
    'browseVignettes()'. To cite Bioconductor, see
    'citation("Biobase")', and for packages 'citation("pkgname")'.

Loading required package: IRanges
Loading required package: S4Vectors

Attaching package: ‘S4Vectors’

The following object is masked from ‘package:clusterProfiler’:

    rename

The following objects are masked from ‘package:lubridate’:

    second, second<-

The following objects are masked from ‘package:dplyr’:

    first, rename

The following object is masked from ‘package:tidyr’:

    expand

The following objects are masked from ‘package:base’:

    expand.grid, I, unname


Attaching package: ‘IRanges’

The following object is masked from ‘package:clusterProfiler’:

    slice

The following object is masked from ‘package:lubridate’:

    %within%

The following objects are masked from ‘package:dplyr’:

    collapse, desc, slice

The following object is masked from ‘package:purrr’:

    reduce


Attaching package: ‘AnnotationDbi’

The following object is masked from ‘package:clusterProfiler’:

    select

The following object is masked from ‘package:dplyr’:

    select


here() starts at /n/projects/ejr/aai/repos/SnailEyeReg_RNASeq-pipeline
Warning message:
package ‘here’ was built under R version 4.2.3 
Error in `map()`:
ℹ In index: 1.
Caused by error in `map()`:
ℹ In index: 1.
Caused by error:
! 'de-up-go_s_1dpa-s_intact-intact-ref_lfc0.txt' does not exist in current working directory ('/n/projects/ejr/aai/repos/SnailEyeReg_RNASeq-pipeline/intact-reference/03_go/input').
Backtrace:
     ▆
  1. ├─purrr::map(...)
  2. │ └─purrr:::map_("list", .x, .f, ..., .progress = .progress)
  3. │   ├─purrr:::with_indexed_errors(...)
  4. │   │ └─base::withCallingHandlers(...)
  5. │   ├─purrr:::call_with_cleanup(...)
  6. │   └─global .f(.x[[i]], ...)
  7. │     └─purrr::map(...)
  8. │       └─purrr:::map_("list", .x, .f, ..., .progress = .progress)
  9. │         ├─purrr:::with_indexed_errors(...)
 10. │         │ └─base::withCallingHandlers(...)
 11. │         ├─purrr:::call_with_cleanup(...)
 12. │         └─.f(.x[[i]], ...)
 13. │           └─readr::read_tsv(x)
 14. │             └─vroom::vroom(...)
 15. │               └─vroom:::vroom_(...)
 16. ├─vroom (local) `<fn>`("de-up-go_s_1dpa-s_intact-intact-ref_lfc0.txt")
 17. │ └─vroom:::check_path(path)
 18. │   └─base::stop(...)
 19. └─base::.handleSimpleError(...)
 20.   └─purrr (local) h(simpleError(msg, call))
 21.     └─cli::cli_abort(...)
 22.       └─rlang::abort(...)
Execution halted

Attaching package: ‘dplyr’

The following objects are masked from ‘package:stats’:

    filter, lag

The following objects are masked from ‘package:base’:

    intersect, setdiff, setequal, union

here() starts at /n/projects/ejr/aai/repos/SnailEyeReg_RNASeq-pipeline
Warning message:
package ‘here’ was built under R version 4.2.3 
Error in file(file, "rt") : cannot open the connection
Calls: read.table -> file
In addition: Warning message:
In file(file, "rt") :
  cannot open file '/n/projects/ejr/aai/repos/SnailEyeReg_RNASeq-pipeline/intact-reference/03_go/output/go-breakdown_lfc0.txt.gz': No such file or directory
Execution halted
── Attaching core tidyverse packages ──────────────────────── tidyverse 2.0.0 ──
✔ dplyr     1.0.10     ✔ readr     2.1.3 
✔ forcats   0.5.2      ✔ stringr   1.5.0 
✔ ggplot2   3.4.0      ✔ tibble    3.1.8 
✔ lubridate 1.9.2      ✔ tidyr     1.2.1 
✔ purrr     1.0.1      
── Conflicts ────────────────────────────────────────── tidyverse_conflicts() ──
✖ dplyr::filter() masks stats::filter()
✖ dplyr::lag()    masks stats::lag()
ℹ Use the conflicted package (<http://conflicted.r-lib.org/>) to force all conflicts to become errors
Warning messages:
1: package ‘tidyverse’ was built under R version 4.2.3 
2: package ‘lubridate’ was built under R version 4.2.3 

Attaching package: ‘cowplot’

The following object is masked from ‘package:lubridate’:

    stamp

here() starts at /n/projects/ejr/aai/repos/SnailEyeReg_RNASeq-pipeline
Warning message:
package ‘here’ was built under R version 4.2.3 
Rows: 72 Columns: 2
── Column specification ────────────────────────────────────────────────────────
Delimiter: "\t"
chr (1): go_id
dbl (1): order

ℹ Use `spec()` to retrieve the full column specification for this data.
ℹ Specify the column types or set `show_col_types = FALSE` to quiet this message.
Error in `map()`:
ℹ In index: 1.
Caused by error:
! '/n/projects/ejr/aai/repos/SnailEyeReg_RNASeq-pipeline/intact-reference/03_go/output/go-breakdown_lfc0.txt.gz' does not exist.
Backtrace:
     ▆
  1. ├─purrr::map(...)
  2. │ └─purrr:::map_("list", .x, .f, ..., .progress = .progress)
  3. │   ├─purrr:::with_indexed_errors(...)
  4. │   │ └─base::withCallingHandlers(...)
  5. │   ├─purrr:::call_with_cleanup(...)
  6. │   └─global .f(.x[[i]], ...)
  7. │     ├─... %>% ...
  8. │     └─readr::read_tsv(...)
  9. │       └─vroom::vroom(...)
 10. │         └─vroom:::vroom_(...)
 11. ├─tidyr::separate(...)
 12. ├─dplyr::mutate(...)
 13. ├─dplyr::mutate(., file = str_replace(file, ".txt", ""))
 14. ├─dplyr::mutate(., file = str_replace(file, "-s_", "-"))
 15. ├─dplyr::mutate(., file = str_replace(file, "-go_s", ""))
 16. ├─dplyr::mutate(., file = str_replace(file, "de-", ""))
 17. ├─dplyr::rename(., go_id = ID)
 18. ├─dplyr::filter(., str_detect(file, "de-up"))
 19. ├─dplyr::mutate(., file = cluster)
 20. ├─vroom (local) `<fn>`("/n/projects/ejr/aai/repos/SnailEyeReg_RNASeq-pipeline/intact-reference/03_go/output/go-breakdown_lfc0.txt.gz")
 21. │ └─vroom:::check_path(path)
 22. │   └─base::stop(...)
 23. └─base::.handleSimpleError(...)
 24.   └─purrr (local) h(simpleError(msg, call))
 25.     └─cli::cli_abort(...)
 26.       └─rlang::abort(...)
Execution halted

Attaching package: ‘dplyr’

The following objects are masked from ‘package:stats’:

    filter, lag

The following objects are masked from ‘package:base’:

    intersect, setdiff, setequal, union

here() starts at /n/projects/ejr/aai/repos/SnailEyeReg_RNASeq-pipeline
Warning message:
package ‘here’ was built under R version 4.2.3 
Error in file(file, "rt") : cannot open the connection
Calls: read.table -> file
In addition: Warning message:
In file(file, "rt") :
  cannot open file '/n/projects/ejr/aai/repos/SnailEyeReg_RNASeq-pipeline/intact-reference/03_go/output/go-breakdown_lfc0.txt.gz': No such file or directory
Execution halted
here() starts at /n/projects/ejr/aai/repos/SnailEyeReg_RNASeq-pipeline
Warning message:
package ‘here’ was built under R version 4.2.3 
Loading required package: limma

Attaching package: ‘dplyr’

The following objects are masked from ‘package:stats’:

    filter, lag

The following objects are masked from ‘package:base’:

    intersect, setdiff, setequal, union

corrplot 0.92 loaded
here() starts at /n/projects/ejr/aai/repos/SnailEyeReg_RNASeq-pipeline
Warning message:
package ‘here’ was built under R version 4.2.3 
null device 
          1 
Using classic mode.
null device 
          1 
Selecting by Mean
null device 
          1 
Warning messages:
1: Removed 3 rows containing missing values (`geom_point()`). 
2: Removed 28 rows containing missing values (`geom_text_repel()`). 
Warning message:
Removed 3 rows containing missing values (`geom_point()`). 

Attaching package: ‘dplyr’

The following objects are masked from ‘package:stats’:

    filter, lag

The following objects are masked from ‘package:base’:

    intersect, setdiff, setequal, union

here() starts at /n/projects/ejr/aai/repos/SnailEyeReg_RNASeq-pipeline
Warning message:
package ‘here’ was built under R version 4.2.3 

Attaching package: ‘dplyr’

The following objects are masked from ‘package:stats’:

    filter, lag

The following objects are masked from ‘package:base’:

    intersect, setdiff, setequal, union

here() starts at /n/projects/ejr/aai/repos/SnailEyeReg_RNASeq-pipeline
Warning message:
package ‘here’ was built under R version 4.2.3 

Attaching package: ‘dplyr’

The following objects are masked from ‘package:stats’:

    filter, lag

The following objects are masked from ‘package:base’:

    intersect, setdiff, setequal, union

here() starts at /n/projects/ejr/aai/repos/SnailEyeReg_RNASeq-pipeline
Warning message:
package ‘here’ was built under R version 4.2.3 
[[1]]

[[2]]

[[3]]

null device 
          1 
$`1`

$`2`

$`3`

$`1`

$`2`

$`3`

$`1`

$`2`

$`3`

Error in `map()`:
ℹ In index: 1.
Caused by error in `map()`:
ℹ In index: 1.
Caused by error in `file()`:
! cannot open the connection
Backtrace:
     ▆
  1. ├─purrr::map(...)
  2. │ └─purrr:::map_("list", .x, .f, ..., .progress = .progress)
  3. │   ├─purrr:::with_indexed_errors(...)
  4. │   │ └─base::withCallingHandlers(...)
  5. │   ├─purrr:::call_with_cleanup(...)
  6. │   └─global .f(.x[[i]], ...)
  7. │     └─purrr::map(...)
  8. │       └─purrr:::map_("list", .x, .f, ..., .progress = .progress)
  9. │         ├─purrr:::with_indexed_errors(...)
 10. │         │ └─base::withCallingHandlers(...)
 11. │         ├─purrr:::call_with_cleanup(...)
 12. │         └─.f(.x[[i]], ...)
 13. │           └─utils::read.csv(f)
 14. │             └─utils::read.table(...)
 15. │               └─base::file(file, "rt")
 16. └─base::.handleSimpleError(...)
 17.   └─purrr (local) h(simpleError(msg, call))
 18.     └─cli::cli_abort(...)
 19.       └─rlang::abort(...)
Warning message:
In file(file, "rt") :
  cannot open file '/n/projects/ejr/aai/repos/SnailEyeReg_RNASeq-pipeline/sequential-reference/02_dea/tables/de-up_s_3dpa-s_1dpa-seq-ref_lfc0.csv': No such file or directory
Execution halted
here() starts at /n/projects/ejr/aai/repos/SnailEyeReg_RNASeq-pipeline
Warning message:
package ‘here’ was built under R version 4.2.3 
── Attaching core tidyverse packages ──────────────────────── tidyverse 2.0.0 ──
✔ dplyr     1.0.10     ✔ readr     2.1.3 
✔ forcats   0.5.2      ✔ stringr   1.5.0 
✔ ggplot2   3.4.0      ✔ tibble    3.1.8 
✔ lubridate 1.9.2      ✔ tidyr     1.2.1 
✔ purrr     1.0.1      
── Conflicts ────────────────────────────────────────── tidyverse_conflicts() ──
✖ dplyr::filter() masks stats::filter()
✖ dplyr::lag()    masks stats::lag()
ℹ Use the conflicted package (<http://conflicted.r-lib.org/>) to force all conflicts to become errors
Warning messages:
1: package ‘tidyverse’ was built under R version 4.2.3 
2: package ‘lubridate’ was built under R version 4.2.3 

clusterProfiler v4.6.0  For help: https://yulab-smu.top/biomedical-knowledge-mining-book/

If you use clusterProfiler in published research, please cite:
T Wu, E Hu, S Xu, M Chen, P Guo, Z Dai, T Feng, L Zhou, W Tang, L Zhan, X Fu, S Liu, X Bo, and G Yu. clusterProfiler 4.0: A universal enrichment tool for interpreting omics data. The Innovation. 2021, 2(3):100141

Attaching package: ‘clusterProfiler’

The following object is masked from ‘package:purrr’:

    simplify

The following object is masked from ‘package:stats’:

    filter

GOSemSim v2.24.0  For help: https://yulab-smu.top/biomedical-knowledge-mining-book/

If you use GOSemSim in published research, please cite:
[36m-[39m Guangchuang Yu. Gene Ontology Semantic Similarity Analysis Using GOSemSim. In: Kidder B. (eds) Stem Cell Transcriptional Networks. Methods in Molecular Biology, 2020, 2117:207-215. Humana, New York, NY. doi:10.1007/978-1-0716-0301-7_11
[36m-[39m Guangchuang Yu, Fei Li, Yide Qin, Xiaochen Bo, Yibo Wu, Shengqi Wang. GOSemSim: an R package for measuring semantic similarity among GO terms and gene products Bioinformatics 2010, 26(7):976-978. doi:10.1093/bioinformatics/btq064



Attaching package: ‘cowplot’

The following object is masked from ‘package:lubridate’:

    stamp

Loading required package: AnnotationDbi
Loading required package: stats4
Loading required package: BiocGenerics

Attaching package: ‘BiocGenerics’

The following objects are masked from ‘package:lubridate’:

    intersect, setdiff, union

The following objects are masked from ‘package:dplyr’:

    combine, intersect, setdiff, union

The following objects are masked from ‘package:stats’:

    IQR, mad, sd, var, xtabs

The following objects are masked from ‘package:base’:

    anyDuplicated, aperm, append, as.data.frame, basename, cbind,
    colnames, dirname, do.call, duplicated, eval, evalq, Filter, Find,
    get, grep, grepl, intersect, is.unsorted, lapply, Map, mapply,
    match, mget, order, paste, pmax, pmax.int, pmin, pmin.int,
    Position, rank, rbind, Reduce, rownames, sapply, setdiff, sort,
    table, tapply, union, unique, unsplit, which.max, which.min

Loading required package: Biobase
Welcome to Bioconductor

    Vignettes contain introductory material; view with
    'browseVignettes()'. To cite Bioconductor, see
    'citation("Biobase")', and for packages 'citation("pkgname")'.

Loading required package: IRanges
Loading required package: S4Vectors

Attaching package: ‘S4Vectors’

The following object is masked from ‘package:clusterProfiler’:

    rename

The following objects are masked from ‘package:lubridate’:

    second, second<-

The following objects are masked from ‘package:dplyr’:

    first, rename

The following object is masked from ‘package:tidyr’:

    expand

The following objects are masked from ‘package:base’:

    expand.grid, I, unname


Attaching package: ‘IRanges’

The following object is masked from ‘package:clusterProfiler’:

    slice

The following object is masked from ‘package:lubridate’:

    %within%

The following objects are masked from ‘package:dplyr’:

    collapse, desc, slice

The following object is masked from ‘package:purrr’:

    reduce


Attaching package: ‘AnnotationDbi’

The following object is masked from ‘package:clusterProfiler’:

    select

The following object is masked from ‘package:dplyr’:

    select


here() starts at /n/projects/ejr/aai/repos/SnailEyeReg_RNASeq-pipeline
Warning message:
package ‘here’ was built under R version 4.2.3 
Rows: 2178 Columns: 1
── Column specification ────────────────────────────────────────────────────────
Delimiter: "\t"
chr (1): gene_id

ℹ Use `spec()` to retrieve the full column specification for this data.
ℹ Specify the column types or set `show_col_types = FALSE` to quiet this message.
[1] "de-up-go_s_3dpa-s_1dpa-seq-ref_lfc0.txt.gz_MF"
[1] "de-up-go_s_3dpa-s_1dpa-seq-ref_lfc0.txt.gz_CC"
[1] "de-up-go_s_3dpa-s_1dpa-seq-ref_lfc0.txt.gz_BP"
Rows: 907 Columns: 1
── Column specification ────────────────────────────────────────────────────────
Delimiter: "\t"
chr (1): gene_id

ℹ Use `spec()` to retrieve the full column specification for this data.
ℹ Specify the column types or set `show_col_types = FALSE` to quiet this message.
[1] "de-up-go_s_6dpa-s_3dpa-seq-ref_lfc0.txt.gz_MF"
[1] "de-up-go_s_6dpa-s_3dpa-seq-ref_lfc0.txt.gz_CC"
[1] "de-up-go_s_6dpa-s_3dpa-seq-ref_lfc0.txt.gz_BP"
Rows: 308 Columns: 1
── Column specification ────────────────────────────────────────────────────────
Delimiter: "\t"
chr (1): gene_id

ℹ Use `spec()` to retrieve the full column specification for this data.
ℹ Specify the column types or set `show_col_types = FALSE` to quiet this message.
[1] "de-up-go_s_9dpa-s_6dpa-seq-ref_lfc0.txt.gz_MF"
[1] "de-up-go_s_9dpa-s_6dpa-seq-ref_lfc0.txt.gz_CC"
[1] "de-up-go_s_9dpa-s_6dpa-seq-ref_lfc0.txt.gz_BP"
Rows: 597 Columns: 1
── Column specification ────────────────────────────────────────────────────────
Delimiter: "\t"
chr (1): gene_id

ℹ Use `spec()` to retrieve the full column specification for this data.
ℹ Specify the column types or set `show_col_types = FALSE` to quiet this message.
[1] "de-up-go_s_12dpa-s_9dpa-seq-ref_lfc0.txt.gz_MF"
[1] "de-up-go_s_12dpa-s_9dpa-seq-ref_lfc0.txt.gz_CC"
[1] "de-up-go_s_12dpa-s_9dpa-seq-ref_lfc0.txt.gz_BP"
Rows: 216 Columns: 1
── Column specification ────────────────────────────────────────────────────────
Delimiter: "\t"
chr (1): gene_id

ℹ Use `spec()` to retrieve the full column specification for this data.
ℹ Specify the column types or set `show_col_types = FALSE` to quiet this message.
[1] "de-up-go_s_15dpa-s_12dpa-seq-ref_lfc0.txt.gz_MF"
[1] "de-up-go_s_15dpa-s_12dpa-seq-ref_lfc0.txt.gz_CC"
[1] "de-up-go_s_15dpa-s_12dpa-seq-ref_lfc0.txt.gz_BP"
Rows: 38 Columns: 1
── Column specification ────────────────────────────────────────────────────────
Delimiter: "\t"
chr (1): gene_id

ℹ Use `spec()` to retrieve the full column specification for this data.
ℹ Specify the column types or set `show_col_types = FALSE` to quiet this message.
[1] "de-up-go_s_21dpa-s_15dpa-seq-ref_lfc0.txt.gz_MF"
[1] "de-up-go_s_21dpa-s_15dpa-seq-ref_lfc0.txt.gz_CC"
[1] "de-up-go_s_21dpa-s_15dpa-seq-ref_lfc0.txt.gz_BP"
Rows: 1 Columns: 1
── Column specification ────────────────────────────────────────────────────────
Delimiter: "\t"
chr (1): gene_id

ℹ Use `spec()` to retrieve the full column specification for this data.
ℹ Specify the column types or set `show_col_types = FALSE` to quiet this message.
[1] "de-up-go_s_28dpa-s_21dpa-seq-ref_lfc0.txt.gz_MF"
[1] "de-up-go_s_28dpa-s_21dpa-seq-ref_lfc0.txt.gz_CC"
[1] "de-up-go_s_28dpa-s_21dpa-seq-ref_lfc0.txt.gz_BP"
Rows: 707 Columns: 1
── Column specification ────────────────────────────────────────────────────────
Delimiter: "\t"
chr (1): gene_id

ℹ Use `spec()` to retrieve the full column specification for this data.
ℹ Specify the column types or set `show_col_types = FALSE` to quiet this message.
[1] "de-up-go_s_intact-s_28dpa-seq-ref_lfc0.txt.gz_MF"
[1] "de-up-go_s_intact-s_28dpa-seq-ref_lfc0.txt.gz_CC"
[1] "de-up-go_s_intact-s_28dpa-seq-ref_lfc0.txt.gz_BP"
Rows: 1327 Columns: 1
── Column specification ────────────────────────────────────────────────────────
Delimiter: "\t"
chr (1): gene_id

ℹ Use `spec()` to retrieve the full column specification for this data.
ℹ Specify the column types or set `show_col_types = FALSE` to quiet this message.
[1] "de-up-go_s_3dpa-s_1dpa-seq-ref_lfc1.txt.gz_MF"
[1] "de-up-go_s_3dpa-s_1dpa-seq-ref_lfc1.txt.gz_CC"
[1] "de-up-go_s_3dpa-s_1dpa-seq-ref_lfc1.txt.gz_BP"
Rows: 704 Columns: 1
── Column specification ────────────────────────────────────────────────────────
Delimiter: "\t"
chr (1): gene_id

ℹ Use `spec()` to retrieve the full column specification for this data.
ℹ Specify the column types or set `show_col_types = FALSE` to quiet this message.
[1] "de-up-go_s_6dpa-s_3dpa-seq-ref_lfc1.txt.gz_MF"
[1] "de-up-go_s_6dpa-s_3dpa-seq-ref_lfc1.txt.gz_CC"
[1] "de-up-go_s_6dpa-s_3dpa-seq-ref_lfc1.txt.gz_BP"
Rows: 238 Columns: 1
── Column specification ────────────────────────────────────────────────────────
Delimiter: "\t"
chr (1): gene_id

ℹ Use `spec()` to retrieve the full column specification for this data.
ℹ Specify the column types or set `show_col_types = FALSE` to quiet this message.
[1] "de-up-go_s_9dpa-s_6dpa-seq-ref_lfc1.txt.gz_MF"
[1] "de-up-go_s_9dpa-s_6dpa-seq-ref_lfc1.txt.gz_CC"
[1] "de-up-go_s_9dpa-s_6dpa-seq-ref_lfc1.txt.gz_BP"
Rows: 214 Columns: 1
── Column specification ────────────────────────────────────────────────────────
Delimiter: "\t"
chr (1): gene_id

ℹ Use `spec()` to retrieve the full column specification for this data.
ℹ Specify the column types or set `show_col_types = FALSE` to quiet this message.
[1] "de-up-go_s_12dpa-s_9dpa-seq-ref_lfc1.txt.gz_MF"
[1] "de-up-go_s_12dpa-s_9dpa-seq-ref_lfc1.txt.gz_CC"
[1] "de-up-go_s_12dpa-s_9dpa-seq-ref_lfc1.txt.gz_BP"
Rows: 155 Columns: 1
── Column specification ────────────────────────────────────────────────────────
Delimiter: "\t"
chr (1): gene_id

ℹ Use `spec()` to retrieve the full column specification for this data.
ℹ Specify the column types or set `show_col_types = FALSE` to quiet this message.
[1] "de-up-go_s_15dpa-s_12dpa-seq-ref_lfc1.txt.gz_MF"
[1] "de-up-go_s_15dpa-s_12dpa-seq-ref_lfc1.txt.gz_CC"
[1] "de-up-go_s_15dpa-s_12dpa-seq-ref_lfc1.txt.gz_BP"
Rows: 21 Columns: 1
── Column specification ────────────────────────────────────────────────────────
Delimiter: "\t"
chr (1): gene_id

ℹ Use `spec()` to retrieve the full column specification for this data.
ℹ Specify the column types or set `show_col_types = FALSE` to quiet this message.
[1] "de-up-go_s_21dpa-s_15dpa-seq-ref_lfc1.txt.gz_MF"
[1] "de-up-go_s_21dpa-s_15dpa-seq-ref_lfc1.txt.gz_CC"
[1] "de-up-go_s_21dpa-s_15dpa-seq-ref_lfc1.txt.gz_BP"
Rows: 0 Columns: 1
── Column specification ────────────────────────────────────────────────────────
Delimiter: "\t"
chr (1): gene_id

ℹ Use `spec()` to retrieve the full column specification for this data.
ℹ Specify the column types or set `show_col_types = FALSE` to quiet this message.
--> No gene can be mapped....
--> Expected input gene ID: LOC112557649,LOC112572482,LOC112556926,LOC112572542,LOC112577054,LOC112573474
--> return NULL...
[1] "de-up-go_s_28dpa-s_21dpa-seq-ref_lfc1.txt.gz_MF"
--> No gene can be mapped....
--> Expected input gene ID: LOC112569735,LOC112556468,LOC112577079,LOC112576549,LOC112565784,LOC112576370
--> return NULL...
[1] "de-up-go_s_28dpa-s_21dpa-seq-ref_lfc1.txt.gz_CC"
--> No gene can be mapped....
--> Expected input gene ID: LOC112564658,LOC112563833,LOC112564940,LOC112561185,LOC112561340,LOC112553997
--> return NULL...
[1] "de-up-go_s_28dpa-s_21dpa-seq-ref_lfc1.txt.gz_BP"
Rows: 382 Columns: 1
── Column specification ────────────────────────────────────────────────────────
Delimiter: "\t"
chr (1): gene_id

ℹ Use `spec()` to retrieve the full column specification for this data.
ℹ Specify the column types or set `show_col_types = FALSE` to quiet this message.
[1] "de-up-go_s_intact-s_28dpa-seq-ref_lfc1.txt.gz_MF"
[1] "de-up-go_s_intact-s_28dpa-seq-ref_lfc1.txt.gz_CC"
[1] "de-up-go_s_intact-s_28dpa-seq-ref_lfc1.txt.gz_BP"
Rows: 303 Columns: 1
── Column specification ────────────────────────────────────────────────────────
Delimiter: "\t"
chr (1): gene_id

ℹ Use `spec()` to retrieve the full column specification for this data.
ℹ Specify the column types or set `show_col_types = FALSE` to quiet this message.
[1] "de-up-go_s_3dpa-s_1dpa-seq-ref_lfc2.txt.gz_MF"
[1] "de-up-go_s_3dpa-s_1dpa-seq-ref_lfc2.txt.gz_CC"
[1] "de-up-go_s_3dpa-s_1dpa-seq-ref_lfc2.txt.gz_BP"
Rows: 303 Columns: 1
── Column specification ────────────────────────────────────────────────────────
Delimiter: "\t"
chr (1): gene_id

ℹ Use `spec()` to retrieve the full column specification for this data.
ℹ Specify the column types or set `show_col_types = FALSE` to quiet this message.
[1] "de-up-go_s_6dpa-s_3dpa-seq-ref_lfc2.txt.gz_MF"
[1] "de-up-go_s_6dpa-s_3dpa-seq-ref_lfc2.txt.gz_CC"
[1] "de-up-go_s_6dpa-s_3dpa-seq-ref_lfc2.txt.gz_BP"
Rows: 71 Columns: 1
── Column specification ────────────────────────────────────────────────────────
Delimiter: "\t"
chr (1): gene_id

ℹ Use `spec()` to retrieve the full column specification for this data.
ℹ Specify the column types or set `show_col_types = FALSE` to quiet this message.
[1] "de-up-go_s_9dpa-s_6dpa-seq-ref_lfc2.txt.gz_MF"
[1] "de-up-go_s_9dpa-s_6dpa-seq-ref_lfc2.txt.gz_CC"
[1] "de-up-go_s_9dpa-s_6dpa-seq-ref_lfc2.txt.gz_BP"
Rows: 85 Columns: 1
── Column specification ────────────────────────────────────────────────────────
Delimiter: "\t"
chr (1): gene_id

ℹ Use `spec()` to retrieve the full column specification for this data.
ℹ Specify the column types or set `show_col_types = FALSE` to quiet this message.
[1] "de-up-go_s_12dpa-s_9dpa-seq-ref_lfc2.txt.gz_MF"
[1] "de-up-go_s_12dpa-s_9dpa-seq-ref_lfc2.txt.gz_CC"
[1] "de-up-go_s_12dpa-s_9dpa-seq-ref_lfc2.txt.gz_BP"
Rows: 43 Columns: 1
── Column specification ────────────────────────────────────────────────────────
Delimiter: "\t"
chr (1): gene_id

ℹ Use `spec()` to retrieve the full column specification for this data.
ℹ Specify the column types or set `show_col_types = FALSE` to quiet this message.
[1] "de-up-go_s_15dpa-s_12dpa-seq-ref_lfc2.txt.gz_MF"
[1] "de-up-go_s_15dpa-s_12dpa-seq-ref_lfc2.txt.gz_CC"
[1] "de-up-go_s_15dpa-s_12dpa-seq-ref_lfc2.txt.gz_BP"
Rows: 5 Columns: 1
── Column specification ────────────────────────────────────────────────────────
Delimiter: "\t"
chr (1): gene_id

ℹ Use `spec()` to retrieve the full column specification for this data.
ℹ Specify the column types or set `show_col_types = FALSE` to quiet this message.
[1] "de-up-go_s_21dpa-s_15dpa-seq-ref_lfc2.txt.gz_MF"
[1] "de-up-go_s_21dpa-s_15dpa-seq-ref_lfc2.txt.gz_CC"
[1] "de-up-go_s_21dpa-s_15dpa-seq-ref_lfc2.txt.gz_BP"
Rows: 0 Columns: 1
── Column specification ────────────────────────────────────────────────────────
Delimiter: "\t"
chr (1): gene_id

ℹ Use `spec()` to retrieve the full column specification for this data.
ℹ Specify the column types or set `show_col_types = FALSE` to quiet this message.
--> No gene can be mapped....
--> Expected input gene ID: LOC112562451,LOC112565680,LOC112577054,LOC112554653,LOC112573070,LOC112555681
--> return NULL...
[1] "de-up-go_s_28dpa-s_21dpa-seq-ref_lfc2.txt.gz_MF"
--> No gene can be mapped....
--> Expected input gene ID: LOC112558293,LOC112574336,LOC112558817,LOC112555874,LOC112570364,LOC112573826
--> return NULL...
[1] "de-up-go_s_28dpa-s_21dpa-seq-ref_lfc2.txt.gz_CC"
--> No gene can be mapped....
--> Expected input gene ID: LOC112562918,LOC112573354,LOC112570852,LOC112554780,LOC112572638,LOC112570874
--> return NULL...
[1] "de-up-go_s_28dpa-s_21dpa-seq-ref_lfc2.txt.gz_BP"
Rows: 101 Columns: 1
── Column specification ────────────────────────────────────────────────────────
Delimiter: "\t"
chr (1): gene_id

ℹ Use `spec()` to retrieve the full column specification for this data.
ℹ Specify the column types or set `show_col_types = FALSE` to quiet this message.
[1] "de-up-go_s_intact-s_28dpa-seq-ref_lfc2.txt.gz_MF"
[1] "de-up-go_s_intact-s_28dpa-seq-ref_lfc2.txt.gz_CC"
[1] "de-up-go_s_intact-s_28dpa-seq-ref_lfc2.txt.gz_BP"

Attaching package: ‘dplyr’

The following objects are masked from ‘package:stats’:

    filter, lag

The following objects are masked from ‘package:base’:

    intersect, setdiff, setequal, union

here() starts at /n/projects/ejr/aai/repos/SnailEyeReg_RNASeq-pipeline
Warning message:
package ‘here’ was built under R version 4.2.3 
── Attaching core tidyverse packages ──────────────────────── tidyverse 2.0.0 ──
✔ dplyr     1.0.10     ✔ readr     2.1.3 
✔ forcats   0.5.2      ✔ stringr   1.5.0 
✔ ggplot2   3.4.0      ✔ tibble    3.1.8 
✔ lubridate 1.9.2      ✔ tidyr     1.2.1 
✔ purrr     1.0.1      
── Conflicts ────────────────────────────────────────── tidyverse_conflicts() ──
✖ dplyr::filter() masks stats::filter()
✖ dplyr::lag()    masks stats::lag()
ℹ Use the conflicted package (<http://conflicted.r-lib.org/>) to force all conflicts to become errors
Warning messages:
1: package ‘tidyverse’ was built under R version 4.2.3 
2: package ‘lubridate’ was built under R version 4.2.3 

Attaching package: ‘cowplot’

The following object is masked from ‘package:lubridate’:

    stamp

here() starts at /n/projects/ejr/aai/repos/SnailEyeReg_RNASeq-pipeline
Warning message:
package ‘here’ was built under R version 4.2.3 
Rows: 72 Columns: 2
── Column specification ────────────────────────────────────────────────────────
Delimiter: "\t"
chr (1): go_id
dbl (1): order

ℹ Use `spec()` to retrieve the full column specification for this data.
ℹ Specify the column types or set `show_col_types = FALSE` to quiet this message.
Rows: 1156 Columns: 11
── Column specification ────────────────────────────────────────────────────────
Delimiter: "\t"
chr (7): ID, Description, GeneRatio, BgRatio, geneID, ont, cluster
dbl (4): pvalue, p.adjust, qvalue, Count

ℹ Use `spec()` to retrieve the full column specification for this data.
ℹ Specify the column types or set `show_col_types = FALSE` to quiet this message.
Joining, by = "go_id"
Joining, by = "go_id"
Rows: 639 Columns: 11
── Column specification ────────────────────────────────────────────────────────
Delimiter: "\t"
chr (7): ID, Description, GeneRatio, BgRatio, geneID, ont, cluster
dbl (4): pvalue, p.adjust, qvalue, Count

ℹ Use `spec()` to retrieve the full column specification for this data.
ℹ Specify the column types or set `show_col_types = FALSE` to quiet this message.
Joining, by = "go_id"
Joining, by = "go_id"
Rows: 200 Columns: 11
── Column specification ────────────────────────────────────────────────────────
Delimiter: "\t"
chr (7): ID, Description, GeneRatio, BgRatio, geneID, ont, cluster
dbl (4): pvalue, p.adjust, qvalue, Count

ℹ Use `spec()` to retrieve the full column specification for this data.
ℹ Specify the column types or set `show_col_types = FALSE` to quiet this message.
Joining, by = "go_id"
Joining, by = "go_id"
[[1]]
[1] "/n/projects/ejr/aai/repos/SnailEyeReg_RNASeq-pipeline/sequential-reference/03_go/figures/select_GO_noid_lfc0-seq-ref.pdf"

[[2]]
[1] "/n/projects/ejr/aai/repos/SnailEyeReg_RNASeq-pipeline/sequential-reference/03_go/figures/select_GO_noid_lfc1-seq-ref.pdf"

[[3]]
[1] "/n/projects/ejr/aai/repos/SnailEyeReg_RNASeq-pipeline/sequential-reference/03_go/figures/select_GO_noid_lfc2-seq-ref.pdf"


Attaching package: ‘dplyr’

The following objects are masked from ‘package:stats’:

    filter, lag

The following objects are masked from ‘package:base’:

    intersect, setdiff, setequal, union

Error in here("sequential-reference/03_go/output/go-breakdown_lfc0.txt.gz") : 
  could not find function "here"
Calls: read.table
Execution halted
here() starts at /n/projects/ejr/aai/repos/SnailEyeReg_RNASeq-pipeline
Warning message:
package ‘here’ was built under R version 4.2.3 

Attaching package: ‘dplyr’

The following objects are masked from ‘package:stats’:

    filter, lag

The following objects are masked from ‘package:base’:

    intersect, setdiff, setequal, union

here() starts at /n/projects/ejr/aai/repos/SnailEyeReg_RNASeq-pipeline
Warning message:
package ‘here’ was built under R version 4.2.3 
Error in `pmap()`:
ℹ In index: 1.
Caused by error in `purrr::map()`:
ℹ In index: 1.
Caused by error:
! '/n/projects/ejr/aai/repos/SnailEyeReg_RNASeq-pipeline/intact-reference/03_go/output/go-breakdown_lfc0.txt.gz' does not exist.
Backtrace:
     ▆
  1. ├─purrr::pmap(...)
  2. │ └─purrr:::pmap_("list", .l, .f, ..., .progress = .progress)
  3. │   ├─purrr:::with_indexed_errors(...)
  4. │   │ └─base::withCallingHandlers(...)
  5. │   ├─purrr:::call_with_cleanup(...)
  6. │   └─global .f(.l[[1L]][[i]], .l[[2L]][[i]], ...)
  7. │     └─purrr::map(...)
  8. │       └─purrr:::map_("list", .x, .f, ..., .progress = .progress)
  9. │         ├─purrr:::with_indexed_errors(...)
 10. │         │ └─base::withCallingHandlers(...)
 11. │         ├─purrr:::call_with_cleanup(...)
 12. │         └─.f(.x[[i]], ...)
 13. │           ├─... %>% ...
 14. │           └─readr::read_tsv(...)
 15. │             └─vroom::vroom(...)
 16. │               └─vroom:::vroom_(...)
 17. ├─dplyr::filter(., cluster == "de-up-go_s_1dpa-s_intact-intact-ref_lfc0.txt.gz")
 18. ├─vroom (local) `<fn>`("/n/projects/ejr/aai/repos/SnailEyeReg_RNASeq-pipeline/intact-reference/03_go/output/go-breakdown_lfc0.txt.gz")
 19. │ └─vroom:::check_path(path)
 20. │   └─base::stop(...)
 21. └─base::.handleSimpleError(...)
 22.   └─purrr (local) h(simpleError(msg, call))
 23.     └─cli::cli_abort(...)
 24.       └─rlang::abort(...)
Execution halted

Attaching package: ‘dplyr’

The following objects are masked from ‘package:stats’:

    filter, lag

The following objects are masked from ‘package:base’:

    intersect, setdiff, setequal, union

here() starts at /n/projects/ejr/aai/repos/SnailEyeReg_RNASeq-pipeline
Warning message:
package ‘here’ was built under R version 4.2.3 
[1] "dimension is 0-action potential"
[1] "we have a plot-central nervous system neuron differentiation"
[1] "we have a plot-cilium assembly"
[1] "dimension is 0-cilium movement"
[1] "dimension is 0-cilium-dependent cell motility"
[1] "we have a plot-detection of visible light"
[1] "we have a plot-DNA replication"
[1] "we have a plot-forebrain development"
[1] "dimension is 0-intracellular protein transmembrane transport"
[1] "we have a plot-neuron fate commitment"
[1] "dimension is < 2-neuropeptide signaling pathway"
[1] "dimension is < 2-neurotransmitter transport"
[1] "we have a plot-nuclear chromosome segregation"
[1] "dimension is 0-protein folding"
[1] "we have a plot-regulation of axon guidance"
[1] "we have a plot-regulation of G2/M transition of mitotic cell cycle"
[1] "we have a plot-regulation of membrane potential"
[1] "we have a plot-regulation of Notch signaling pathway"
[1] "dimension is 0-regulation of rhodopsin mediated signaling pathway"
[1] "dimension is 0-ribonucleoprotein complex assembly"
[1] "dimension is < 2-rRNA processing"
[1] "dimension is < 2-sensory organ boundary specification"
[1] "dimension is < 2-sensory organ precursor cell fate determination"
[1] "we have a plot-synaptic vesicle cycle"
[1] "dimension is 0-synaptic vesicle localization"
[1] "dimension is 0-calcitonin family receptor activity"
[1] "dimension is < 2-gated channel activity"
[1] "dimension is 0-hormone activity"
[1] "dimension is 0-ionotropic glutamate receptor activity"
[1] "we have a plot-microtubule motor activity"
[1] "dimension is 0-minus-end-directed microtubule motor activity"
[1] "dimension is 0-monoatomic cation channel activity"
[1] "dimension is 0-neuropeptide receptor activity"
[1] "dimension is 0-neurotransmitter binding"
[1] "dimension is 0-Notch binding"
[1] "we have a plot-photoreceptor activity"
[1] "dimension is 0-potassium channel activity"
[1] "dimension is 0-protein folding chaperone"
[1] "dimension is 0-ribonucleoprotein complex binding"
[1] "dimension is 0-translation initiation factor activity"
[1] "dimension is < 2-unfolded protein binding"
[1] "dimension is 0-calcitonin family receptor activity"
[1] "dimension is < 2-gated channel activity"
[1] "dimension is 0-hormone activity"
[1] "dimension is 0-ionotropic glutamate receptor activity"
[1] "we have a plot-microtubule motor activity"
[1] "dimension is 0-minus-end-directed microtubule motor activity"
[1] "dimension is 0-monoatomic cation channel activity"
[1] "dimension is 0-neuropeptide receptor activity"
[1] "dimension is 0-neurotransmitter binding"
[1] "dimension is 0-Notch binding"
[1] "we have a plot-photoreceptor activity"
[1] "dimension is 0-potassium channel activity"
[1] "dimension is 0-protein folding chaperone"
[1] "dimension is 0-ribonucleoprotein complex binding"
[1] "dimension is 0-translation initiation factor activity"
[1] "dimension is < 2-unfolded protein binding"
